        -:    0:Source:dominion.c
        -:    0:Graph:dominion.gcno
        -:    0:Data:dominion.gcda
        -:    0:Runs:1
        -:    0:Programs:1
        -:    1:#include "dominion.h"
        -:    2:#include "dominion_helpers.h"
        -:    3:#include "rngs.h"
        -:    4:#include <stdio.h>
        -:    5:#include <math.h>
        -:    6:#include <stdlib.h>
        -:    7:
       45:    8:int compare(const void* a, const void* b) {
       45:    9:	if (*(int*)a > *(int*)b)
    #####:   10:		return 1;
       45:   11:	if (*(int*)a < *(int*)b)
       12:   12:		return -1;
       33:   13:	return 0;
        -:   14:}
        -:   15:
    #####:   16:struct gameState* newGame() {
    #####:   17:	struct gameState* g = malloc(sizeof(struct gameState));
    #####:   18:	return g;
        -:   19:}
        -:   20:
    #####:   21:int* kingdomCards(int k1, int k2, int k3, int k4, int k5, int k6, int k7,
        -:   22:	int k8, int k9, int k10) {
    #####:   23:	int* k = malloc(10 * sizeof(int));
    #####:   24:	k[0] = k1;
    #####:   25:	k[1] = k2;
    #####:   26:	k[2] = k3;
    #####:   27:	k[3] = k4;
    #####:   28:	k[4] = k5;
    #####:   29:	k[5] = k6;
    #####:   30:	k[6] = k7;
    #####:   31:	k[7] = k8;
    #####:   32:	k[8] = k9;
    #####:   33:	k[9] = k10;
    #####:   34:	return k;
        -:   35:}
        -:   36:
        1:   37:int initializeGame(int numPlayers, int kingdomCards[10], int randomSeed,
        -:   38:	struct gameState *state) {
        -:   39:
        -:   40:	int i;
        -:   41:	int j;
        -:   42:	int it;
        -:   43:	//set up random number generator
        1:   44:	SelectStream(1);
        1:   45:	PutSeed((long)randomSeed);
        -:   46:
        -:   47:	//check number of players
        1:   48:	if (numPlayers > MAX_PLAYERS || numPlayers < 2)
        -:   49:	{
    #####:   50:		return -1;
        -:   51:	}
        -:   52:
        -:   53:	//set number of players
        1:   54:	state->numPlayers = numPlayers;
        -:   55:
        -:   56:	//check selected kingdom cards are different
       11:   57:	for (i = 0; i < 10; i++)
        -:   58:	{
      110:   59:		for (j = 0; j < 10; j++)
        -:   60:		{
      100:   61:			if (j != i && kingdomCards[j] == kingdomCards[i])
        -:   62:			{
    #####:   63:				return -1;
        -:   64:			}
        -:   65:		}
        -:   66:	}
        -:   67:
        -:   68:
        -:   69:	//initialize supply
        -:   70:	///////////////////////////////
        -:   71:
        -:   72:	//set number of Curse cards
        1:   73:	if (numPlayers == 2)
        -:   74:	{
    #####:   75:		state->supplyCount[curse] = 10;
        -:   76:	}
        1:   77:	else if (numPlayers == 3)
        -:   78:	{
        1:   79:		state->supplyCount[curse] = 20;
        -:   80:	}
        -:   81:	else
        -:   82:	{
    #####:   83:		state->supplyCount[curse] = 30;
        -:   84:	}
        -:   85:
        -:   86:	//set number of Victory cards
        1:   87:	if (numPlayers == 2)
        -:   88:	{
    #####:   89:		state->supplyCount[estate] = 8;
    #####:   90:		state->supplyCount[duchy] = 8;
    #####:   91:		state->supplyCount[province] = 8;
        -:   92:	}
        -:   93:	else
        -:   94:	{
        1:   95:		state->supplyCount[estate] = 12;
        1:   96:		state->supplyCount[duchy] = 12;
        1:   97:		state->supplyCount[province] = 12;
        -:   98:	}
        -:   99:
        -:  100:	//set number of Treasure cards
        1:  101:	state->supplyCount[copper] = 60 - (7 * numPlayers);
        1:  102:	state->supplyCount[silver] = 40;
        1:  103:	state->supplyCount[gold] = 30;
        -:  104:
        -:  105:	//set number of Kingdom cards
       21:  106:	for (i = adventurer; i <= treasure_map; i++)       	//loop all cards
        -:  107:	{
      165:  108:		for (j = 0; j < 10; j++)           		//loop chosen cards
        -:  109:		{
      155:  110:			if (kingdomCards[j] == i)
        -:  111:			{
        -:  112:				//check if card is a 'Victory' Kingdom card
       10:  113:				if (kingdomCards[j] == great_hall || kingdomCards[j] == gardens)
        -:  114:				{
        4:  115:					if (numPlayers == 2) {
    #####:  116:						state->supplyCount[i] = 8;
        -:  117:					}
        2:  118:					else { state->supplyCount[i] = 12; }
        -:  119:				}
        -:  120:				else
        -:  121:				{
        8:  122:					state->supplyCount[i] = 10;
        -:  123:				}
       10:  124:				break;
        -:  125:			}
        -:  126:			else    //card is not in the set choosen for the game
        -:  127:			{
      145:  128:				state->supplyCount[i] = -1;
        -:  129:			}
        -:  130:		}
        -:  131:
        -:  132:	}
        -:  133:
        -:  134:	////////////////////////
        -:  135:	//supply intilization complete
        -:  136:
        -:  137:	//set player decks
        4:  138:	for (i = 0; i < numPlayers; i++)
        -:  139:	{
        3:  140:		state->deckCount[i] = 0;
       12:  141:		for (j = 0; j < 3; j++)
        -:  142:		{
        9:  143:			state->deck[i][j] = estate;
        9:  144:			state->deckCount[i]++;
        -:  145:		}
       24:  146:		for (j = 3; j < 10; j++)
        -:  147:		{
       21:  148:			state->deck[i][j] = copper;
       21:  149:			state->deckCount[i]++;
        -:  150:		}
        -:  151:	}
        -:  152:
        -:  153:	//shuffle player decks
        4:  154:	for (i = 0; i < numPlayers; i++)
        -:  155:	{
        3:  156:		if (shuffle(i, state) < 0)
        -:  157:		{
    #####:  158:			return -1;
        -:  159:		}
        -:  160:	}
        -:  161:
        -:  162:	//draw player hands
        4:  163:	for (i = 0; i < numPlayers; i++)
        -:  164:	{
        -:  165:		//initialize hand size to zero
        3:  166:		state->handCount[i] = 0;
        3:  167:		state->discardCount[i] = 0;
        -:  168:		//draw 5 cards
        -:  169:		// for (j = 0; j < 5; j++)
        -:  170:		//	{
        -:  171:		//	  drawCard(i, state);
        -:  172:		//	}
        -:  173:	}
        -:  174:
        -:  175:	//set embargo tokens to 0 for all supply piles
       28:  176:	for (i = 0; i <= treasure_map; i++)
        -:  177:	{
       27:  178:		state->embargoTokens[i] = 0;
        -:  179:	}
        -:  180:
        -:  181:	//initialize first player's turn
        1:  182:	state->outpostPlayed = 0;
        1:  183:	state->phase = 0;
        1:  184:	state->numActions = 1;
        1:  185:	state->numBuys = 1;
        1:  186:	state->playedCardCount = 0;
        1:  187:	state->whoseTurn = 0;
        1:  188:	state->handCount[state->whoseTurn] = 0;
        -:  189:	//int it; move to top
        -:  190:
        -:  191:	//Moved draw cards to here, only drawing at the start of a turn
        6:  192:	for (it = 0; it < 5; it++) {
        5:  193:		drawCard(state->whoseTurn, state);
        -:  194:	}
        -:  195:
        1:  196:	updateCoins(state->whoseTurn, state, 0);
        -:  197:
        1:  198:	return 0;
        -:  199:}
        -:  200:
        3:  201:int shuffle(int player, struct gameState *state) {
        -:  202:
        -:  203:
        -:  204:	int newDeck[MAX_DECK];
        3:  205:	int newDeckPos = 0;
        -:  206:	int card;
        -:  207:	int i;
        -:  208:
        3:  209:	if (state->deckCount[player] < 1)
    #####:  210:		return -1;
        3:  211:	qsort((void*)(state->deck[player]), state->deckCount[player], sizeof(int), compare);
        -:  212:	/* SORT CARDS IN DECK TO ENSURE DETERMINISM! */
        -:  213:
       36:  214:	while (state->deckCount[player] > 0) {
       30:  215:		card = floor(Random() * state->deckCount[player]);
       30:  216:		newDeck[newDeckPos] = state->deck[player][card];
       30:  217:		newDeckPos++;
       97:  218:		for (i = card; i < state->deckCount[player] - 1; i++) {
       67:  219:			state->deck[player][i] = state->deck[player][i + 1];
        -:  220:		}
       30:  221:		state->deckCount[player]--;
        -:  222:	}
       33:  223:	for (i = 0; i < newDeckPos; i++) {
       30:  224:		state->deck[player][i] = newDeck[i];
       30:  225:		state->deckCount[player]++;
        -:  226:	}
        -:  227:
        3:  228:	return 0;
        -:  229:}
        -:  230:
    #####:  231:int playCard(int handPos, int choice1, int choice2, int choice3, struct gameState *state)
        -:  232:{
        -:  233:	int card;
    #####:  234:	int coin_bonus = 0; 		//tracks coins gain from actions
        -:  235:
        -:  236:								//check if it is the right phase
    #####:  237:	if (state->phase != 0)
        -:  238:	{
    #####:  239:		return -1;
        -:  240:	}
        -:  241:
        -:  242:	//check if player has enough actions
    #####:  243:	if (state->numActions < 1)
        -:  244:	{
    #####:  245:		return -1;
        -:  246:	}
        -:  247:
        -:  248:	//get card played
    #####:  249:	card = handCard(handPos, state);
        -:  250:
        -:  251:	//check if selected card is an action
    #####:  252:	if (card < adventurer || card > treasure_map)
        -:  253:	{
    #####:  254:		return -1;
        -:  255:	}
        -:  256:
        -:  257:	//play card
    #####:  258:	if (cardEffect(card, choice1, choice2, choice3, state, handPos, &coin_bonus) < 0)
        -:  259:	{
    #####:  260:		return -1;
        -:  261:	}
        -:  262:
        -:  263:	//reduce number of actions
    #####:  264:	state->numActions--;
        -:  265:
        -:  266:	//update coins (Treasure cards may be added with card draws)
    #####:  267:	updateCoins(state->whoseTurn, state, coin_bonus);
        -:  268:
    #####:  269:	return 0;
        -:  270:}
        -:  271:
    #####:  272:int buyCard(int supplyPos, struct gameState *state) {
        -:  273:	int who;
        -:  274:	if (DEBUG) {
        -:  275:		printf("Entering buyCard...\n");
        -:  276:	}
        -:  277:
        -:  278:	// I don't know what to do about the phase thing.
        -:  279:
    #####:  280:	who = state->whoseTurn;
        -:  281:
    #####:  282:	if (state->numBuys < 1) {
        -:  283:		if (DEBUG)
        -:  284:			printf("You do not have any buys left\n");
    #####:  285:		return -1;
        -:  286:	}
    #####:  287:	else if (supplyCount(supplyPos, state) <1) {
        -:  288:		if (DEBUG)
        -:  289:			printf("There are not any of that type of card left\n");
    #####:  290:		return -1;
        -:  291:	}
    #####:  292:	else if (state->coins < getCost(supplyPos)) {
        -:  293:		if (DEBUG)
        -:  294:			printf("You do not have enough money to buy that. You have %d coins.\n", state->coins);
    #####:  295:		return -1;
        -:  296:	}
        -:  297:	else {
    #####:  298:		state->phase = 1;
        -:  299:		//state->supplyCount[supplyPos]--;
    #####:  300:		gainCard(supplyPos, state, 0, who); //card goes in discard, this might be wrong.. (2 means goes into hand, 0 goes into discard)
        -:  301:
    #####:  302:		state->coins = (state->coins) - (getCost(supplyPos));
    #####:  303:		state->numBuys--;
        -:  304:		if (DEBUG)
        -:  305:			printf("You bought card number %d for %d coins. You now have %d buys and %d coins.\n", supplyPos, getCost(supplyPos), state->numBuys, state->coins);
        -:  306:	}
        -:  307:
        -:  308:	//state->discard[who][state->discardCount[who]] = supplyPos;
        -:  309:	//state->discardCount[who]++;
        -:  310:
    #####:  311:	return 0;
        -:  312:}
        -:  313:
    #####:  314:int numHandCards(struct gameState *state) {
    #####:  315:	return state->handCount[whoseTurn(state)];
        -:  316:}
        -:  317:
    #####:  318:int handCard(int handPos, struct gameState *state) {
    #####:  319:	int currentPlayer = whoseTurn(state);
    #####:  320:	return state->hand[currentPlayer][handPos];
        -:  321:}
        -:  322:
    #####:  323:int supplyCount(int card, struct gameState *state) {
    #####:  324:	return state->supplyCount[card];
        -:  325:}
        -:  326:
    #####:  327:int fullDeckCount(int player, int card, struct gameState *state) {
        -:  328:	int i;
    #####:  329:	int count = 0;
        -:  330:
    #####:  331:	for (i = 0; i < state->deckCount[player]; i++)
        -:  332:	{
    #####:  333:		if (state->deck[player][i] == card) count++;
        -:  334:	}
        -:  335:
    #####:  336:	for (i = 0; i < state->handCount[player]; i++)
        -:  337:	{
    #####:  338:		if (state->hand[player][i] == card) count++;
        -:  339:	}
        -:  340:
    #####:  341:	for (i = 0; i < state->discardCount[player]; i++)
        -:  342:	{
    #####:  343:		if (state->discard[player][i] == card) count++;
        -:  344:	}
        -:  345:
    #####:  346:	return count;
        -:  347:}
        -:  348:
        2:  349:int whoseTurn(struct gameState *state) {
        2:  350:	return state->whoseTurn;
        -:  351:}
        -:  352:
    #####:  353:int endTurn(struct gameState *state) {
        -:  354:	int k;
        -:  355:	int i;
    #####:  356:	int currentPlayer = whoseTurn(state);
        -:  357:
        -:  358:	//Discard hand
    #####:  359:	for (i = 0; i < state->handCount[currentPlayer]; i++) {
    #####:  360:		state->discard[currentPlayer][state->discardCount[currentPlayer]++] = state->hand[currentPlayer][i];//Discard
    #####:  361:		state->hand[currentPlayer][i] = -1;//Set card to -1
        -:  362:	}
    #####:  363:	state->handCount[currentPlayer] = 0;//Reset hand count
        -:  364:
        -:  365:										//Code for determining the player
    #####:  366:	if (currentPlayer < (state->numPlayers - 1)) {
    #####:  367:		state->whoseTurn = currentPlayer + 1;//Still safe to increment
        -:  368:	}
        -:  369:	else {
    #####:  370:		state->whoseTurn = 0;//Max player has been reached, loop back around to player 1
        -:  371:	}
        -:  372:
    #####:  373:	state->outpostPlayed = 0;
    #####:  374:	state->phase = 0;
    #####:  375:	state->numActions = 1;
    #####:  376:	state->coins = 0;
    #####:  377:	state->numBuys = 1;
    #####:  378:	state->playedCardCount = 0;
    #####:  379:	state->handCount[state->whoseTurn] = 0;
        -:  380:
        -:  381:	//int k; move to top
        -:  382:	//Next player draws hand
    #####:  383:	for (k = 0; k < 5; k++) {
    #####:  384:		drawCard(state->whoseTurn, state);//Draw a card
        -:  385:	}
        -:  386:
        -:  387:	//Update money
    #####:  388:	updateCoins(state->whoseTurn, state, 0);
        -:  389:
    #####:  390:	return 0;
        -:  391:}
        -:  392:
    #####:  393:int isGameOver(struct gameState *state) {
        -:  394:	int i;
        -:  395:	int j;
        -:  396:
        -:  397:	//if stack of Province cards is empty, the game ends
    #####:  398:	if (state->supplyCount[province] == 0)
        -:  399:	{
    #####:  400:		return 1;
        -:  401:	}
        -:  402:
        -:  403:	//if three supply pile are at 0, the game ends
    #####:  404:	j = 0;
    #####:  405:	for (i = 0; i < 25; i++)
        -:  406:	{
    #####:  407:		if (state->supplyCount[i] == 0)
        -:  408:		{
    #####:  409:			j++;
        -:  410:		}
        -:  411:	}
    #####:  412:	if (j >= 3)
        -:  413:	{
    #####:  414:		return 1;
        -:  415:	}
        -:  416:
    #####:  417:	return 0;
        -:  418:}
        -:  419:
    #####:  420:int scoreFor(int player, struct gameState *state) {
        -:  421:
        -:  422:	int i;
    #####:  423:	int score = 0;
        -:  424:	//score from hand
    #####:  425:	for (i = 0; i < state->handCount[player]; i++)
        -:  426:	{
    #####:  427:		if (state->hand[player][i] == curse) { score = score - 1; };
    #####:  428:		if (state->hand[player][i] == estate) { score = score + 1; };
    #####:  429:		if (state->hand[player][i] == duchy) { score = score + 3; };
    #####:  430:		if (state->hand[player][i] == province) { score = score + 6; };
    #####:  431:		if (state->hand[player][i] == great_hall) { score = score + 1; };
    #####:  432:		if (state->hand[player][i] == gardens) { score = score + (fullDeckCount(player, 0, state) / 10); };
        -:  433:	}
        -:  434:
        -:  435:	//score from discard
    #####:  436:	for (i = 0; i < state->discardCount[player]; i++)
        -:  437:	{
    #####:  438:		if (state->discard[player][i] == curse) { score = score - 1; };
    #####:  439:		if (state->discard[player][i] == estate) { score = score + 1; };
    #####:  440:		if (state->discard[player][i] == duchy) { score = score + 3; };
    #####:  441:		if (state->discard[player][i] == province) { score = score + 6; };
    #####:  442:		if (state->discard[player][i] == great_hall) { score = score + 1; };
    #####:  443:		if (state->discard[player][i] == gardens) { score = score + (fullDeckCount(player, 0, state) / 10); };
        -:  444:	}
        -:  445:
        -:  446:	//score from deck
    #####:  447:	for (i = 0; i < state->discardCount[player]; i++)
        -:  448:	{
    #####:  449:		if (state->deck[player][i] == curse) { score = score - 1; };
    #####:  450:		if (state->deck[player][i] == estate) { score = score + 1; };
    #####:  451:		if (state->deck[player][i] == duchy) { score = score + 3; };
    #####:  452:		if (state->deck[player][i] == province) { score = score + 6; };
    #####:  453:		if (state->deck[player][i] == great_hall) { score = score + 1; };
    #####:  454:		if (state->deck[player][i] == gardens) { score = score + (fullDeckCount(player, 0, state) / 10); };
        -:  455:	}
        -:  456:
    #####:  457:	return score;
        -:  458:}
        -:  459:
    #####:  460:int getWinners(int players[MAX_PLAYERS], struct gameState *state) {
        -:  461:	int i;
        -:  462:	int j;
        -:  463:	int highScore;
        -:  464:	int currentPlayer;
        -:  465:
        -:  466:	//get score for each player
    #####:  467:	for (i = 0; i < MAX_PLAYERS; i++)
        -:  468:	{
        -:  469:		//set unused player scores to -9999
    #####:  470:		if (i >= state->numPlayers)
        -:  471:		{
    #####:  472:			players[i] = -9999;
        -:  473:		}
        -:  474:		else
        -:  475:		{
    #####:  476:			players[i] = scoreFor(i, state);
        -:  477:		}
        -:  478:	}
        -:  479:
        -:  480:	//find highest score
    #####:  481:	j = 0;
    #####:  482:	for (i = 0; i < MAX_PLAYERS; i++)
        -:  483:	{
    #####:  484:		if (players[i] > players[j])
        -:  485:		{
    #####:  486:			j = i;
        -:  487:		}
        -:  488:	}
    #####:  489:	highScore = players[j];
        -:  490:
        -:  491:	//add 1 to players who had less turns
    #####:  492:	currentPlayer = whoseTurn(state);
    #####:  493:	for (i = 0; i < MAX_PLAYERS; i++)
        -:  494:	{
    #####:  495:		if (players[i] == highScore && i > currentPlayer)
        -:  496:		{
    #####:  497:			players[i]++;
        -:  498:		}
        -:  499:	}
        -:  500:
        -:  501:	//find new highest score
    #####:  502:	j = 0;
    #####:  503:	for (i = 0; i < MAX_PLAYERS; i++)
        -:  504:	{
    #####:  505:		if (players[i] > players[j])
        -:  506:		{
    #####:  507:			j = i;
        -:  508:		}
        -:  509:	}
    #####:  510:	highScore = players[j];
        -:  511:
        -:  512:	//set winners in array to 1 and rest to 0
    #####:  513:	for (i = 0; i < MAX_PLAYERS; i++)
        -:  514:	{
    #####:  515:		if (players[i] == highScore)
        -:  516:		{
    #####:  517:			players[i] = 1;
        -:  518:		}
        -:  519:		else
        -:  520:		{
    #####:  521:			players[i] = 0;
        -:  522:		}
        -:  523:	}
        -:  524:
    #####:  525:	return 0;
        -:  526:}
        -:  527:
        5:  528:int drawCard(int player, struct gameState *state)
        -:  529:{
        -:  530:	int count;
        -:  531:	int deckCounter;
        5:  532:	if (state->deckCount[player] <= 0) {//Deck is empty
        -:  533:
        -:  534:										//Step 1 Shuffle the discard pile back into a deck
        -:  535:		int i;
        -:  536:		//Move discard to deck
    #####:  537:		for (i = 0; i < state->discardCount[player]; i++) {
    #####:  538:			state->deck[player][i] = state->discard[player][i];
    #####:  539:			state->discard[player][i] = -1;
        -:  540:		}
        -:  541:
    #####:  542:		state->deckCount[player] = state->discardCount[player];
    #####:  543:		state->discardCount[player] = 0;//Reset discard
        -:  544:
        -:  545:										//Shufffle the deck
    #####:  546:		shuffle(player, state);//Shuffle the deck up and make it so that we can draw
        -:  547:
        -:  548:		if (DEBUG) {//Debug statements
        -:  549:			printf("Deck count now: %d\n", state->deckCount[player]);
        -:  550:		}
        -:  551:
    #####:  552:		state->discardCount[player] = 0;
        -:  553:
        -:  554:		//Step 2 Draw Card
    #####:  555:		count = state->handCount[player];//Get current player's hand count
        -:  556:
        -:  557:		if (DEBUG) {//Debug statements
        -:  558:			printf("Current hand count: %d\n", count);
        -:  559:		}
        -:  560:
    #####:  561:		deckCounter = state->deckCount[player];//Create a holder for the deck count
        -:  562:
    #####:  563:		if (deckCounter == 0)
    #####:  564:			return -1;
        -:  565:
    #####:  566:		state->hand[player][count] = state->deck[player][deckCounter - 1];//Add card to hand
    #####:  567:		state->deckCount[player]--;
    #####:  568:		state->handCount[player]++;//Increment hand count
        -:  569:	}
        -:  570:
        -:  571:	else {
        5:  572:		int count = state->handCount[player];//Get current hand count for player
        -:  573:		int deckCounter;
        -:  574:		if (DEBUG) {//Debug statements
        -:  575:			printf("Current hand count: %d\n", count);
        -:  576:		}
        -:  577:
        5:  578:		deckCounter = state->deckCount[player];//Create holder for the deck count
        5:  579:		state->hand[player][count] = state->deck[player][deckCounter - 1];//Add card to the hand
        5:  580:		state->deckCount[player]--;
        5:  581:		state->handCount[player]++;//Increment hand count
        -:  582:	}
        -:  583:
        5:  584:	return 0;
        -:  585:}
        -:  586:
    #####:  587:int getCost(int cardNumber)
        -:  588:{
    #####:  589:	switch (cardNumber)
        -:  590:	{
        -:  591:	case curse:
    #####:  592:		return 0;
        -:  593:	case estate:
    #####:  594:		return 2;
        -:  595:	case duchy:
    #####:  596:		return 5;
        -:  597:	case province:
    #####:  598:		return 8;
        -:  599:	case copper:
    #####:  600:		return 0;
        -:  601:	case silver:
    #####:  602:		return 3;
        -:  603:	case gold:
    #####:  604:		return 6;
        -:  605:	case adventurer:
    #####:  606:		return 6;
        -:  607:	case council_room:
    #####:  608:		return 5;
        -:  609:	case feast:
    #####:  610:		return 4;
        -:  611:	case gardens:
    #####:  612:		return 4;
        -:  613:	case mine:
    #####:  614:		return 5;
        -:  615:	case remodel:
    #####:  616:		return 4;
        -:  617:	case smithy:
    #####:  618:		return 4;
        -:  619:	case village:
    #####:  620:		return 3;
        -:  621:	case baron:
    #####:  622:		return 4;
        -:  623:	case great_hall:
    #####:  624:		return 3;
        -:  625:	case minion:
    #####:  626:		return 5;
        -:  627:	case steward:
    #####:  628:		return 3;
        -:  629:	case tribute:
    #####:  630:		return 5;
        -:  631:	case ambassador:
    #####:  632:		return 3;
        -:  633:	case cutpurse:
    #####:  634:		return 4;
        -:  635:	case embargo:
    #####:  636:		return 2;
        -:  637:	case outpost:
    #####:  638:		return 5;
        -:  639:	case salvager:
    #####:  640:		return 4;
        -:  641:	case sea_hag:
    #####:  642:		return 4;
        -:  643:	case treasure_map:
    #####:  644:		return 4;
        -:  645:	}
        -:  646:
    #####:  647:	return -1;
        -:  648:}
        -:  649:
    #####:  650:int adventurerCardEffect(struct gameState *state, int currentPlayer)
        -:  651:{
    #####:  652:	int drawntreasure = 1, cardDrawn, z = 0; int temphand[MAX_HAND];// moved above the if statement
        -:  653:																	//Bug start drawnTreasure at 1 instead of 0
    #####:  654:	while (drawntreasure<2) {
    #####:  655:		if (state->deckCount[currentPlayer] <1) {//if the deck is empty we need to shuffle discard and add to deck
    #####:  656:			shuffle(currentPlayer, state);
        -:  657:		}
    #####:  658:		drawCard(currentPlayer, state);
    #####:  659:		cardDrawn = state->hand[currentPlayer][state->handCount[currentPlayer] - 1];//top card of hand is most recently drawn card.
    #####:  660:		if (cardDrawn == copper || cardDrawn == silver /*|| cardDrawn == gold*/)
        -:  661:			//Bug 2: remove cardDrawn== gold 
    #####:  662:			drawntreasure++;
        -:  663:		else {
    #####:  664:			temphand[z] = cardDrawn;
    #####:  665:			state->handCount[currentPlayer]--; //this should just remove the top card (the most recently drawn one).
    #####:  666:			z++;
        -:  667:		}
        -:  668:	}
    #####:  669:	while (z - 1 >= 0) {
    #####:  670:		state->discard[currentPlayer][state->discardCount[currentPlayer]++] = temphand[z - 1]; // discard all cards in play that have been drawn
    #####:  671:		z = z - 1;
        -:  672:	}
    #####:  673:	return 0;
        -:  674:
        -:  675:
        -:  676:}
        -:  677://maybe moove current player
        -:  678:
    #####:  679:int  smithyCardEffect(struct gameState *state, int handPos, int currentPlayer)
        -:  680:{
        -:  681:	int i;
        -:  682:
        -:  683:	//Bug: adjusted for loop
        -:  684:	//	for (i = 0; i < 3; i++)
    #####:  685:	for (i = 0; i<4; i++)
        -:  686:	{
    #####:  687:		drawCard(currentPlayer, state);
        -:  688:	}
        -:  689:
        -:  690:	//discard card from hand
    #####:  691:	discardCard(handPos, currentPlayer, state, 0);
    #####:  692:	return 0;
        -:  693:}
        -:  694:
        -:  695:
    #####:  696:int  villageCardEffect(struct gameState *state, int handPos, int currentPlayer)
        -:  697:{
        -:  698:	//int currentPlayer = whoseTurn(state);
        -:  699:	//+1 Card
    #####:  700:	drawCard(currentPlayer, state);
        -:  701:
        -:  702:	//+2 Actions
        -:  703:	//	state->numActions = state->numActions + 2;
    #####:  704:	state->numActions = state->numActions + 3;
        -:  705:	//discard played card from hand
    #####:  706:	discardCard(handPos, currentPlayer, state, 0);
    #####:  707:	return 0;
        -:  708:}
        -:  709:
    #####:  710:int  stewardCardEffect(struct gameState *state, int choice1, int choice2, int choice3, int handPos, int currentPlayer)
        -:  711:{
        -:  712:	//int currentPlayer = whoseTurn(state);
        -:  713:
    #####:  714:	if (choice1 == 1)
        -:  715:	{
        -:  716:		//+2 cards
    #####:  717:		drawCard(currentPlayer, state);
    #####:  718:		drawCard(currentPlayer, state);
        -:  719:	}
    #####:  720:	else if (choice1 == 2)
        -:  721:	{
        -:  722:		//+2 coins
    #####:  723:		state->coins = state->coins + 2;
        -:  724:	}
        -:  725:	else
        -:  726:	{
        -:  727:		//trash 2 cards in hand
    #####:  728:		discardCard(choice2, currentPlayer, state, 1);
    #####:  729:		discardCard(choice3, currentPlayer, state, 1);
        -:  730:	}
        -:  731:
        -:  732:	//discard card from hand
    #####:  733:	discardCard(handPos, currentPlayer, state, 0);
    #####:  734:	return 0;
        -:  735:}
        -:  736:
        -:  737:
    #####:  738:int  embargoCardEffect(struct gameState *state, int choice1, int handPos, int currentPlayer)
        -:  739:{
        -:  740:
        -:  741:	//void embargo(gameState *state, int handPos, int currentPlayer)
        -:  742:	//+2 Coins
        -:  743:	//	state->coins = state->coins + 2;
    #####:  744:	state->coins = state->coins + 3;
        -:  745:	//see if selected pile is in play
    #####:  746:	if (state->supplyCount[choice1] == -1)
        -:  747:	{
    #####:  748:		return -1;
        -:  749:	}
        -:  750:
        -:  751:	//add embargo token to selected supply pile
    #####:  752:	state->embargoTokens[choice1]++;
    #####:  753:	state->embargoTokens[choice1]++;
        -:  754:	//trash card
    #####:  755:	discardCard(handPos, currentPlayer, state, 1);
    #####:  756:	return 0;
        -:  757:
        -:  758:}
        -:  759:
        -:  760:
        1:  761:int cardEffect(int card, int choice1, int choice2, int choice3, struct gameState *state, int handPos, int *bonus)
        -:  762:{
        -:  763:	int i;
        -:  764:	int j;
        -:  765:	int k;
        -:  766:	int x;
        -:  767:	int index;
        1:  768:	int currentPlayer = whoseTurn(state);
        1:  769:	int nextPlayer = currentPlayer + 1;
        -:  770:
        1:  771:	int tributeRevealedCards[2] = { -1, -1 };
        -:  772:	int temphand[MAX_HAND];// moved above the if statement
        -:  773:						   //	int drawntreasure = 0;
        -:  774:						   //int cardDrawn;
        -:  775:						   //	int z = 0;// this is the counter for the temp hand
        1:  776:	if (nextPlayer > (state->numPlayers - 1)) {
    #####:  777:		nextPlayer = 0;
        -:  778:	}
        -:  779:
        -:  780:
        -:  781:	//uses switch to select card and perform actions
        1:  782:	switch (card)
        -:  783:	{
        -:  784:	case adventurer:
        -:  785:
    #####:  786:		adventurerCardEffect(state, currentPlayer);
        -:  787:
        -:  788:	case council_room:
        -:  789:		//+4 Cards
    #####:  790:		for (i = 0; i < 4; i++)
        -:  791:		{
    #####:  792:			drawCard(currentPlayer, state);
        -:  793:		}
        -:  794:
        -:  795:		//+1 Buy
    #####:  796:		state->numBuys++;
        -:  797:
        -:  798:		//Each other player draws a card
    #####:  799:		for (i = 0; i < state->numPlayers; i++)
        -:  800:		{
    #####:  801:			if (i != currentPlayer)
        -:  802:			{
    #####:  803:				drawCard(i, state);
        -:  804:			}
        -:  805:		}
        -:  806:
        -:  807:		//put played card in played card pile
    #####:  808:		discardCard(handPos, currentPlayer, state, 0);
        -:  809:
    #####:  810:		return 0;
        -:  811:
        -:  812:	case feast:
        -:  813:		//gain card with cost up to 5
        -:  814:		//Backup hand
    #####:  815:		for (i = 0; i <= state->handCount[currentPlayer]; i++) {
    #####:  816:			temphand[i] = state->hand[currentPlayer][i];//Backup card
    #####:  817:			state->hand[currentPlayer][i] = -1;//Set to nothing
        -:  818:		}
        -:  819:		//Backup hand
        -:  820:
        -:  821:		//Update Coins for Buy
    #####:  822:		updateCoins(currentPlayer, state, 5);
    #####:  823:		x = 1;//Condition to loop on
    #####:  824:		while (x == 1) {//Buy one card
    #####:  825:			if (supplyCount(choice1, state) <= 0) {
        -:  826:				if (DEBUG)
        -:  827:					printf("None of that card left, sorry!\n");
        -:  828:
        -:  829:				if (DEBUG) {
        -:  830:					printf("Cards Left: %d\n", supplyCount(choice1, state));
        -:  831:				}
        -:  832:			}
    #####:  833:			else if (state->coins < getCost(choice1)) {
    #####:  834:				printf("That card is too expensive!\n");
        -:  835:
        -:  836:				if (DEBUG) {
        -:  837:					printf("Coins: %d < %d\n", state->coins, getCost(choice1));
        -:  838:				}
        -:  839:			}
        -:  840:			else {
        -:  841:
        -:  842:				if (DEBUG) {
        -:  843:					printf("Deck Count: %d\n", state->handCount[currentPlayer] + state->deckCount[currentPlayer] + state->discardCount[currentPlayer]);
        -:  844:				}
        -:  845:
    #####:  846:				gainCard(choice1, state, 0, currentPlayer);//Gain the card
    #####:  847:				x = 0;//No more buying cards
        -:  848:
        -:  849:				if (DEBUG) {
        -:  850:					printf("Deck Count: %d\n", state->handCount[currentPlayer] + state->deckCount[currentPlayer] + state->discardCount[currentPlayer]);
        -:  851:				}
        -:  852:
        -:  853:			}
        -:  854:		}
        -:  855:
        -:  856:		//Reset Hand
    #####:  857:		for (i = 0; i <= state->handCount[currentPlayer]; i++) {
    #####:  858:			state->hand[currentPlayer][i] = temphand[i];
    #####:  859:			temphand[i] = -1;
        -:  860:		}
        -:  861:		//Reset Hand
        -:  862:
    #####:  863:		return 0;
        -:  864:
        -:  865:	case gardens:
    #####:  866:		return -1;
        -:  867:
        -:  868:	case mine:
    #####:  869:		j = state->hand[currentPlayer][choice1];  //store card we will trash
        -:  870:
    #####:  871:		if (state->hand[currentPlayer][choice1] < copper || state->hand[currentPlayer][choice1] > gold)
        -:  872:		{
    #####:  873:			return -1;
        -:  874:		}
        -:  875:
    #####:  876:		if (choice2 > treasure_map || choice2 < curse)
        -:  877:		{
    #####:  878:			return -1;
        -:  879:		}
        -:  880:
    #####:  881:		if ((getCost(state->hand[currentPlayer][choice1]) + 3) > getCost(choice2))
        -:  882:		{
    #####:  883:			return -1;
        -:  884:		}
        -:  885:
    #####:  886:		gainCard(choice2, state, 2, currentPlayer);
        -:  887:
        -:  888:		//discard card from hand
    #####:  889:		discardCard(handPos, currentPlayer, state, 0);
        -:  890:
        -:  891:		//discard trashed card
    #####:  892:		for (i = 0; i < state->handCount[currentPlayer]; i++)
        -:  893:		{
    #####:  894:			if (state->hand[currentPlayer][i] == j)
        -:  895:			{
    #####:  896:				discardCard(i, currentPlayer, state, 0);
    #####:  897:				break;
        -:  898:			}
        -:  899:		}
        -:  900:
    #####:  901:		return 0;
        -:  902:
        -:  903:	case remodel:
    #####:  904:		j = state->hand[currentPlayer][choice1];  //store card we will trash
        -:  905:
    #####:  906:		if ((getCost(state->hand[currentPlayer][choice1]) + 2) > getCost(choice2))
        -:  907:		{
    #####:  908:			return -1;
        -:  909:		}
        -:  910:
    #####:  911:		gainCard(choice2, state, 0, currentPlayer);
        -:  912:
        -:  913:		//discard card from hand
    #####:  914:		discardCard(handPos, currentPlayer, state, 0);
        -:  915:
        -:  916:		//discard trashed card
    #####:  917:		for (i = 0; i < state->handCount[currentPlayer]; i++)
        -:  918:		{
    #####:  919:			if (state->hand[currentPlayer][i] == j)
        -:  920:			{
    #####:  921:				discardCard(i, currentPlayer, state, 0);
    #####:  922:				break;
        -:  923:			}
        -:  924:		}
        -:  925:
        -:  926:
    #####:  927:		return 0;
        -:  928:
        -:  929:	case smithy:
        -:  930:
    #####:  931:		smithyCardEffect(state, handPos, currentPlayer);
        -:  932:
        -:  933:	case village:
        -:  934:
    #####:  935:		villageCardEffect(state, handPos, currentPlayer);
        -:  936:
        -:  937:	case baron:
    #####:  938:		state->numBuys++;//Increase buys by 1!
    #####:  939:		if (choice1 > 0) {//Boolean true or going to discard an estate
    #####:  940:			int p = 0;//Iterator for hand!
    #####:  941:			int card_not_discarded = 1;//Flag for discard set!
    #####:  942:			while (card_not_discarded) {
    #####:  943:				if (state->hand[currentPlayer][p] == estate) {//Found an estate card!
    #####:  944:					state->coins += 4;//Add 4 coins to the amount of coins
    #####:  945:					state->discard[currentPlayer][state->discardCount[currentPlayer]] = state->hand[currentPlayer][p];
    #####:  946:					state->discardCount[currentPlayer]++;
    #####:  947:					for (; p < state->handCount[currentPlayer]; p++) {
    #####:  948:						state->hand[currentPlayer][p] = state->hand[currentPlayer][p + 1];
        -:  949:					}
    #####:  950:					state->hand[currentPlayer][state->handCount[currentPlayer]] = -1;
    #####:  951:					state->handCount[currentPlayer]--;
    #####:  952:					card_not_discarded = 0;//Exit the loop
        -:  953:				}
    #####:  954:				else if (p > state->handCount[currentPlayer]) {
        -:  955:					if (DEBUG) {
        -:  956:						printf("No estate cards in your hand, invalid choice\n");
        -:  957:						printf("Must gain an estate if there are any\n");
        -:  958:					}
    #####:  959:					if (supplyCount(estate, state) > 0) {
    #####:  960:						gainCard(estate, state, 0, currentPlayer);
    #####:  961:						state->supplyCount[estate]--;//Decrement estates
    #####:  962:						if (supplyCount(estate, state) == 0) {
    #####:  963:							isGameOver(state);
        -:  964:						}
        -:  965:					}
    #####:  966:					card_not_discarded = 0;//Exit the loop
        -:  967:				}
        -:  968:
        -:  969:				else {
    #####:  970:					p++;//Next card
        -:  971:				}
        -:  972:			}
        -:  973:		}
        -:  974:
        -:  975:		else {
    #####:  976:			if (supplyCount(estate, state) > 0) {
    #####:  977:				gainCard(estate, state, 0, currentPlayer);//Gain an estate
    #####:  978:				state->supplyCount[estate]--;//Decrement Estates
    #####:  979:				if (supplyCount(estate, state) == 0) {
    #####:  980:					isGameOver(state);
        -:  981:				}
        -:  982:			}
        -:  983:		}
        -:  984:
        -:  985:
    #####:  986:		return 0;
        -:  987:
        -:  988:	case great_hall:
        -:  989:		//+1 Card
    #####:  990:		drawCard(currentPlayer, state);
        -:  991:
        -:  992:		//+1 Actions
    #####:  993:		state->numActions++;
        -:  994:
        -:  995:		//discard card from hand
    #####:  996:		discardCard(handPos, currentPlayer, state, 0);
    #####:  997:		return 0;
        -:  998:
        -:  999:	case minion:
        -: 1000:		//+1 action
    #####: 1001:		state->numActions++;
        -: 1002:
        -: 1003:		//discard card from hand
    #####: 1004:		discardCard(handPos, currentPlayer, state, 0);
        -: 1005:
    #####: 1006:		if (choice1)		//+2 coins
        -: 1007:		{
    #####: 1008:			state->coins = state->coins + 2;
        -: 1009:		}
        -: 1010:
    #####: 1011:		else if (choice2)		//discard hand, redraw 4, other players with 5+ cards discard hand and draw 4
        -: 1012:		{
        -: 1013:			//discard hand
    #####: 1014:			while (numHandCards(state) > 0)
        -: 1015:			{
    #####: 1016:				discardCard(handPos, currentPlayer, state, 0);
        -: 1017:			}
        -: 1018:
        -: 1019:			//draw 4
    #####: 1020:			for (i = 0; i < 4; i++)
        -: 1021:			{
    #####: 1022:				drawCard(currentPlayer, state);
        -: 1023:			}
        -: 1024:
        -: 1025:			//other players discard hand and redraw if hand size > 4
    #####: 1026:			for (i = 0; i < state->numPlayers; i++)
        -: 1027:			{
    #####: 1028:				if (i != currentPlayer)
        -: 1029:				{
    #####: 1030:					if (state->handCount[i] > 4)
        -: 1031:					{
        -: 1032:						//discard hand
    #####: 1033:						while (state->handCount[i] > 0)
        -: 1034:						{
    #####: 1035:							discardCard(handPos, i, state, 0);
        -: 1036:						}
        -: 1037:
        -: 1038:						//draw 4
    #####: 1039:						for (j = 0; j < 4; j++)
        -: 1040:						{
    #####: 1041:							drawCard(i, state);
        -: 1042:						}
        -: 1043:					}
        -: 1044:				}
        -: 1045:			}
        -: 1046:
        -: 1047:		}
    #####: 1048:		return 0;
        -: 1049:
        -: 1050:	case steward:
        -: 1051:		//steward(gameState *state, int choice1, int choice2, int choice3, int handPos)
    #####: 1052:		stewardCardEffect(state, choice1, choice2, choice3, handPos, currentPlayer);
        -: 1053:
        -: 1054:	case tribute:
    #####: 1055:		if ((state->discardCount[nextPlayer] + state->deckCount[nextPlayer]) <= 1) {
    #####: 1056:			if (state->deckCount[nextPlayer] > 0) {
    #####: 1057:				tributeRevealedCards[0] = state->deck[nextPlayer][state->deckCount[nextPlayer] - 1];
    #####: 1058:				state->deckCount[nextPlayer]--;
        -: 1059:			}
    #####: 1060:			else if (state->discardCount[nextPlayer] > 0) {
    #####: 1061:				tributeRevealedCards[0] = state->discard[nextPlayer][state->discardCount[nextPlayer] - 1];
    #####: 1062:				state->discardCount[nextPlayer]--;
        -: 1063:			}
        -: 1064:			else {
        -: 1065:				//No Card to Reveal
        -: 1066:				if (DEBUG) {
        -: 1067:					printf("No cards to reveal\n");
        -: 1068:				}
        -: 1069:			}
        -: 1070:		}
        -: 1071:
        -: 1072:		else {
    #####: 1073:			if (state->deckCount[nextPlayer] == 0) {
    #####: 1074:				for (i = 0; i < state->discardCount[nextPlayer]; i++) {
    #####: 1075:					state->deck[nextPlayer][i] = state->discard[nextPlayer][i];//Move to deck
    #####: 1076:					state->deckCount[nextPlayer]++;
    #####: 1077:					state->discard[nextPlayer][i] = -1;
    #####: 1078:					state->discardCount[nextPlayer]--;
        -: 1079:				}
        -: 1080:
    #####: 1081:				shuffle(nextPlayer, state);//Shuffle the deck
        -: 1082:			}
    #####: 1083:			tributeRevealedCards[0] = state->deck[nextPlayer][state->deckCount[nextPlayer] - 1];
    #####: 1084:			state->deck[nextPlayer][state->deckCount[nextPlayer]--] = -1;
    #####: 1085:			state->deckCount[nextPlayer]--;
    #####: 1086:			tributeRevealedCards[1] = state->deck[nextPlayer][state->deckCount[nextPlayer] - 1];
    #####: 1087:			state->deck[nextPlayer][state->deckCount[nextPlayer]--] = -1;
    #####: 1088:			state->deckCount[nextPlayer]--;
        -: 1089:		}
        -: 1090:
    #####: 1091:		if (tributeRevealedCards[0] == tributeRevealedCards[1]) {//If we have a duplicate card, just drop one 
    #####: 1092:			state->playedCards[state->playedCardCount] = tributeRevealedCards[1];
    #####: 1093:			state->playedCardCount++;
    #####: 1094:			tributeRevealedCards[1] = -1;
        -: 1095:		}
        -: 1096:
    #####: 1097:		for (i = 0; i <= 2; i++) {
    #####: 1098:			if (tributeRevealedCards[i] == copper || tributeRevealedCards[i] == silver || tributeRevealedCards[i] == gold) {//Treasure cards
    #####: 1099:				state->coins += 2;
        -: 1100:			}
        -: 1101:
    #####: 1102:			else if (tributeRevealedCards[i] == estate || tributeRevealedCards[i] == duchy || tributeRevealedCards[i] == province || tributeRevealedCards[i] == gardens || tributeRevealedCards[i] == great_hall) {//Victory Card Found
    #####: 1103:				drawCard(currentPlayer, state);
    #####: 1104:				drawCard(currentPlayer, state);
        -: 1105:			}
        -: 1106:			else {//Action Card
    #####: 1107:				state->numActions = state->numActions + 2;
        -: 1108:			}
        -: 1109:		}
        -: 1110:
    #####: 1111:		return 0;
        -: 1112:
        -: 1113:	case ambassador:
    #####: 1114:		j = 0;		//used to check if player has enough cards to discard
        -: 1115:
    #####: 1116:		if (choice2 > 2 || choice2 < 0)
        -: 1117:		{
    #####: 1118:			return -1;
        -: 1119:		}
        -: 1120:
    #####: 1121:		if (choice1 == handPos)
        -: 1122:		{
    #####: 1123:			return -1;
        -: 1124:		}
        -: 1125:
    #####: 1126:		for (i = 0; i < state->handCount[currentPlayer]; i++)
        -: 1127:		{
    #####: 1128:			if (i != handPos && i == state->hand[currentPlayer][choice1] && i != choice1)
        -: 1129:			{
    #####: 1130:				j++;
        -: 1131:			}
        -: 1132:		}
    #####: 1133:		if (j < choice2)
        -: 1134:		{
    #####: 1135:			return -1;
        -: 1136:		}
        -: 1137:
        -: 1138:		if (DEBUG)
        -: 1139:			printf("Player %d reveals card number: %d\n", currentPlayer, state->hand[currentPlayer][choice1]);
        -: 1140:
        -: 1141:		//increase supply count for choosen card by amount being discarded
    #####: 1142:		state->supplyCount[state->hand[currentPlayer][choice1]] += choice2;
        -: 1143:
        -: 1144:		//each other player gains a copy of revealed card
    #####: 1145:		for (i = 0; i < state->numPlayers; i++)
        -: 1146:		{
    #####: 1147:			if (i != currentPlayer)
        -: 1148:			{
    #####: 1149:				gainCard(state->hand[currentPlayer][choice1], state, 0, i);
        -: 1150:			}
        -: 1151:		}
        -: 1152:
        -: 1153:		//discard played card from hand
    #####: 1154:		discardCard(handPos, currentPlayer, state, 0);
        -: 1155:
        -: 1156:		//trash copies of cards returned to supply
    #####: 1157:		for (j = 0; j < choice2; j++)
        -: 1158:		{
    #####: 1159:			for (i = 0; i < state->handCount[currentPlayer]; i++)
        -: 1160:			{
    #####: 1161:				if (state->hand[currentPlayer][i] == state->hand[currentPlayer][choice1])
        -: 1162:				{
    #####: 1163:					discardCard(i, currentPlayer, state, 1);
    #####: 1164:					break;
        -: 1165:				}
        -: 1166:			}
        -: 1167:		}
        -: 1168:
    #####: 1169:		return 0;
        -: 1170:
        -: 1171:	case cutpurse:
        -: 1172:
    #####: 1173:		updateCoins(currentPlayer, state, 2);
    #####: 1174:		for (i = 0; i < state->numPlayers; i++)
        -: 1175:		{
    #####: 1176:			if (i != currentPlayer)
        -: 1177:			{
    #####: 1178:				for (j = 0; j < state->handCount[i]; j++)
        -: 1179:				{
    #####: 1180:					if (state->hand[i][j] == copper)
        -: 1181:					{
    #####: 1182:						discardCard(j, i, state, 0);
    #####: 1183:						break;
        -: 1184:					}
    #####: 1185:					if (j == state->handCount[i])
        -: 1186:					{
    #####: 1187:						for (k = 0; k < state->handCount[i]; k++)
        -: 1188:						{
        -: 1189:							if (DEBUG)
        -: 1190:								printf("Player %d reveals card number %d\n", i, state->hand[i][k]);
        -: 1191:						}
    #####: 1192:						break;
        -: 1193:					}
        -: 1194:				}
        -: 1195:
        -: 1196:			}
        -: 1197:
        -: 1198:		}
        -: 1199:
        -: 1200:		//discard played card from hand
    #####: 1201:		discardCard(handPos, currentPlayer, state, 0);
        -: 1202:
    #####: 1203:		return 0;
        -: 1204:
        -: 1205:
        -: 1206:	case embargo:
        -: 1207:
    #####: 1208:		embargoCardEffect(state, choice1, handPos, currentPlayer);
        -: 1209:
        -: 1210:	case outpost:
        -: 1211:		//set outpost flag
    #####: 1212:		state->outpostPlayed++;
        -: 1213:
        -: 1214:		//discard card
    #####: 1215:		discardCard(handPos, currentPlayer, state, 0);
    #####: 1216:		return 0;
        -: 1217:
        -: 1218:	case salvager:
        -: 1219:		//+1 buy
    #####: 1220:		state->numBuys++;
        -: 1221:
    #####: 1222:		if (choice1)
        -: 1223:		{
        -: 1224:			//gain coins equal to trashed card
    #####: 1225:			state->coins = state->coins + getCost(handCard(choice1, state));
        -: 1226:			//trash card
    #####: 1227:			discardCard(choice1, currentPlayer, state, 1);
        -: 1228:		}
        -: 1229:
        -: 1230:		//discard card
    #####: 1231:		discardCard(handPos, currentPlayer, state, 0);
    #####: 1232:		return 0;
        -: 1233:
        -: 1234:	case sea_hag:
        4: 1235:		for (i = 0; i < state->numPlayers; i++) {
        3: 1236:			if (i != currentPlayer) {
        2: 1237:				state->discard[i][state->discardCount[i]] = state->deck[i][state->deckCount[i]--];			    state->deckCount[i]--;
        2: 1238:				state->discardCount[i]++;
        2: 1239:				state->deck[i][state->deckCount[i]--] = curse;//Top card now a curse
        -: 1240:			}
        -: 1241:		}
        1: 1242:		return 0;
        -: 1243:
        -: 1244:	case treasure_map:
        -: 1245:		//search hand for another treasure_map
    #####: 1246:		index = -1;
    #####: 1247:		for (i = 0; i < state->handCount[currentPlayer]; i++)
        -: 1248:		{
    #####: 1249:			if (state->hand[currentPlayer][i] == treasure_map && i != handPos)
        -: 1250:			{
    #####: 1251:				index = i;
    #####: 1252:				break;
        -: 1253:			}
        -: 1254:		}
    #####: 1255:		if (index > -1)
        -: 1256:		{
        -: 1257:			//trash both treasure cards
    #####: 1258:			discardCard(handPos, currentPlayer, state, 1);
    #####: 1259:			discardCard(index, currentPlayer, state, 1);
        -: 1260:
        -: 1261:			//gain 4 Gold cards
    #####: 1262:			for (i = 0; i < 4; i++)
        -: 1263:			{
    #####: 1264:				gainCard(gold, state, 1, currentPlayer);
        -: 1265:			}
        -: 1266:
        -: 1267:			//return success
    #####: 1268:			return 1;
        -: 1269:		}
        -: 1270:
        -: 1271:		//no second treasure_map found in hand
    #####: 1272:		return -1;
        -: 1273:	}
        -: 1274:
    #####: 1275:	return -1;
        -: 1276:}
        -: 1277:
    #####: 1278:int discardCard(int handPos, int currentPlayer, struct gameState *state, int trashFlag)
        -: 1279:{
        -: 1280:
        -: 1281:	//if card is not trashed, added to Played pile 
    #####: 1282:	if (trashFlag < 1)
        -: 1283:	{
        -: 1284:		//add card to played pile
    #####: 1285:		state->playedCards[state->playedCardCount] = state->hand[currentPlayer][handPos];
    #####: 1286:		state->playedCardCount++;
        -: 1287:	}
        -: 1288:
        -: 1289:	//set played card to -1
    #####: 1290:	state->hand[currentPlayer][handPos] = -1;
        -: 1291:
        -: 1292:	//remove card from player's hand
    #####: 1293:	if (handPos == (state->handCount[currentPlayer] - 1)) 	//last card in hand array is played
        -: 1294:	{
        -: 1295:		//reduce number of cards in hand
    #####: 1296:		state->handCount[currentPlayer]--;
        -: 1297:	}
    #####: 1298:	else if (state->handCount[currentPlayer] == 1) //only one card in hand
        -: 1299:	{
        -: 1300:		//reduce number of cards in hand
    #####: 1301:		state->handCount[currentPlayer]--;
        -: 1302:	}
        -: 1303:	else
        -: 1304:	{
        -: 1305:		//replace discarded card with last card in hand
    #####: 1306:		state->hand[currentPlayer][handPos] = state->hand[currentPlayer][(state->handCount[currentPlayer] - 1)];
        -: 1307:		//set last card to -1
    #####: 1308:		state->hand[currentPlayer][state->handCount[currentPlayer] - 1] = -1;
        -: 1309:		//reduce number of cards in hand
    #####: 1310:		state->handCount[currentPlayer]--;
        -: 1311:	}
        -: 1312:
    #####: 1313:	return 0;
        -: 1314:}
        -: 1315:
    #####: 1316:int gainCard(int supplyPos, struct gameState *state, int toFlag, int player)
        -: 1317:{
        -: 1318:	//Note: supplyPos is enum of choosen card
        -: 1319:
        -: 1320:	//check if supply pile is empty (0) or card is not used in game (-1)
    #####: 1321:	if (supplyCount(supplyPos, state) < 1)
        -: 1322:	{
    #####: 1323:		return -1;
        -: 1324:	}
        -: 1325:
        -: 1326:	//added card for [whoseTurn] current player:
        -: 1327:	// toFlag = 0 : add to discard
        -: 1328:	// toFlag = 1 : add to deck
        -: 1329:	// toFlag = 2 : add to hand
        -: 1330:
    #####: 1331:	if (toFlag == 1)
        -: 1332:	{
    #####: 1333:		state->deck[player][state->deckCount[player]] = supplyPos;
    #####: 1334:		state->deckCount[player]++;
        -: 1335:	}
    #####: 1336:	else if (toFlag == 2)
        -: 1337:	{
    #####: 1338:		state->hand[player][state->handCount[player]] = supplyPos;
    #####: 1339:		state->handCount[player]++;
        -: 1340:	}
        -: 1341:	else
        -: 1342:	{
    #####: 1343:		state->discard[player][state->discardCount[player]] = supplyPos;
    #####: 1344:		state->discardCount[player]++;
        -: 1345:	}
        -: 1346:
        -: 1347:	//decrease number in supply pile
    #####: 1348:	state->supplyCount[supplyPos]--;
        -: 1349:
    #####: 1350:	return 0;
        -: 1351:}
        -: 1352:
        1: 1353:int updateCoins(int player, struct gameState *state, int bonus)
        -: 1354:{
        -: 1355:	int i;
        -: 1356:
        -: 1357:	//reset coin count
        1: 1358:	state->coins = 0;
        -: 1359:
        -: 1360:	//add coins for each Treasure card in player's hand
        6: 1361:	for (i = 0; i < state->handCount[player]; i++)
        -: 1362:	{
        5: 1363:		if (state->hand[player][i] == copper)
        -: 1364:		{
        4: 1365:			state->coins += 1;
        -: 1366:		}
        1: 1367:		else if (state->hand[player][i] == silver)
        -: 1368:		{
    #####: 1369:			state->coins += 2;
        -: 1370:		}
        1: 1371:		else if (state->hand[player][i] == gold)
        -: 1372:		{
    #####: 1373:			state->coins += 3;
        -: 1374:		}
        -: 1375:	}
        -: 1376:
        -: 1377:	//add bonus
        1: 1378:	state->coins += bonus;
        -: 1379:
        1: 1380:	return 0;
        -: 1381:}
        -: 1382:
