        -:    0:Source:dominion.c
        -:    0:Graph:dominion.gcno
        -:    0:Data:dominion.gcda
        -:    0:Runs:3
        -:    0:Programs:3
        -:    1:#include "dominion.h"
        -:    2:#include "dominion_helpers.h"
        -:    3:#include "rngs.h"
        -:    4:#include <stdio.h>
        -:    5:#include <math.h>
        -:    6:#include <stdlib.h>
        -:    7:
function compare called 3060 returned 100% blocks executed 100%
     3060:    8:int compare(const void* a, const void* b) {
     3060:    9:	if (*(int*)a > *(int*)b)
branch  0 taken 43% (fallthrough)
branch  1 taken 57%
     1321:   10:		return 1;
     1739:   11:	if (*(int*)a < *(int*)b)
branch  0 taken 29% (fallthrough)
branch  1 taken 71%
      513:   12:		return -1;
     1226:   13:	return 0;
        -:   14:}
        -:   15:
function newGame called 0 returned 0% blocks executed 0%
    #####:   16:struct gameState* newGame() {
    #####:   17:	struct gameState* g = malloc(sizeof(struct gameState));
    #####:   18:	return g;
        -:   19:}
        -:   20:
function kingdomCards called 0 returned 0% blocks executed 0%
    #####:   21:int* kingdomCards(int k1, int k2, int k3, int k4, int k5, int k6, int k7,
        -:   22:	int k8, int k9, int k10) {
    #####:   23:	int* k = malloc(10 * sizeof(int));
    #####:   24:	k[0] = k1;
    #####:   25:	k[1] = k2;
    #####:   26:	k[2] = k3;
    #####:   27:	k[3] = k4;
    #####:   28:	k[4] = k5;
    #####:   29:	k[5] = k6;
    #####:   30:	k[6] = k7;
    #####:   31:	k[7] = k8;
    #####:   32:	k[8] = k9;
    #####:   33:	k[9] = k10;
    #####:   34:	return k;
        -:   35:}
        -:   36:
function initializeGame called 8 returned 100% blocks executed 94%
        8:   37:int initializeGame(int numPlayers, int kingdomCards[10], int randomSeed,
        -:   38:	struct gameState *state) {
        -:   39:
        -:   40:	int i;
        -:   41:	int j;
        -:   42:	int it;
        -:   43:	//set up random number generator
        8:   44:	SelectStream(1);
call    0 returned 100%
        8:   45:	PutSeed((long)randomSeed);
call    0 returned 100%
        -:   46:
        -:   47:	//check number of players
        8:   48:	if (numPlayers > MAX_PLAYERS || numPlayers < 2)
branch  0 taken 100% (fallthrough)
branch  1 taken 0%
branch  2 taken 0% (fallthrough)
branch  3 taken 100%
        -:   49:	{
    #####:   50:		return -1;
        -:   51:	}
        -:   52:
        -:   53:	//set number of players
        8:   54:	state->numPlayers = numPlayers;
        -:   55:
        -:   56:	//check selected kingdom cards are different
       88:   57:	for (i = 0; i < 10; i++)
branch  0 taken 91%
branch  1 taken 9% (fallthrough)
        -:   58:	{
      880:   59:		for (j = 0; j < 10; j++)
branch  0 taken 91%
branch  1 taken 9% (fallthrough)
        -:   60:		{
      800:   61:			if (j != i && kingdomCards[j] == kingdomCards[i])
branch  0 taken 90% (fallthrough)
branch  1 taken 10%
branch  2 taken 0% (fallthrough)
branch  3 taken 100%
        -:   62:			{
    #####:   63:				return -1;
        -:   64:			}
        -:   65:		}
        -:   66:	}
        -:   67:
        -:   68:
        -:   69:	//initialize supply
        -:   70:	///////////////////////////////
        -:   71:
        -:   72:	//set number of Curse cards
        8:   73:	if (numPlayers == 2)
branch  0 taken 50% (fallthrough)
branch  1 taken 50%
        -:   74:	{
        4:   75:		state->supplyCount[curse] = 10;
        -:   76:	}
        4:   77:	else if (numPlayers == 3)
branch  0 taken 100% (fallthrough)
branch  1 taken 0%
        -:   78:	{
        4:   79:		state->supplyCount[curse] = 20;
        -:   80:	}
        -:   81:	else
        -:   82:	{
    #####:   83:		state->supplyCount[curse] = 30;
        -:   84:	}
        -:   85:
        -:   86:	//set number of Victory cards
        8:   87:	if (numPlayers == 2)
branch  0 taken 50% (fallthrough)
branch  1 taken 50%
        -:   88:	{
        4:   89:		state->supplyCount[estate] = 8;
        4:   90:		state->supplyCount[duchy] = 8;
        4:   91:		state->supplyCount[province] = 8;
        -:   92:	}
        -:   93:	else
        -:   94:	{
        4:   95:		state->supplyCount[estate] = 12;
        4:   96:		state->supplyCount[duchy] = 12;
        4:   97:		state->supplyCount[province] = 12;
        -:   98:	}
        -:   99:
        -:  100:	//set number of Treasure cards
        8:  101:	state->supplyCount[copper] = 60 - (7 * numPlayers);
        8:  102:	state->supplyCount[silver] = 40;
        8:  103:	state->supplyCount[gold] = 30;
        -:  104:
        -:  105:	//set number of Kingdom cards
      168:  106:	for (i = adventurer; i <= treasure_map; i++)       	//loop all cards
branch  0 taken 95%
branch  1 taken 5% (fallthrough)
        -:  107:	{
     1320:  108:		for (j = 0; j < 10; j++)           		//loop chosen cards
branch  0 taken 94%
branch  1 taken 6% (fallthrough)
        -:  109:		{
     1240:  110:			if (kingdomCards[j] == i)
branch  0 taken 6% (fallthrough)
branch  1 taken 94%
        -:  111:			{
        -:  112:				//check if card is a 'Victory' Kingdom card
       80:  113:				if (kingdomCards[j] == great_hall || kingdomCards[j] == gardens)
branch  0 taken 90% (fallthrough)
branch  1 taken 10%
branch  2 taken 11% (fallthrough)
branch  3 taken 89%
        -:  114:				{
       32:  115:					if (numPlayers == 2) {
branch  0 taken 50% (fallthrough)
branch  1 taken 50%
        8:  116:						state->supplyCount[i] = 8;
        -:  117:					}
        8:  118:					else { state->supplyCount[i] = 12; }
        -:  119:				}
        -:  120:				else
        -:  121:				{
       64:  122:					state->supplyCount[i] = 10;
        -:  123:				}
       80:  124:				break;
        -:  125:			}
        -:  126:			else    //card is not in the set choosen for the game
        -:  127:			{
     1160:  128:				state->supplyCount[i] = -1;
        -:  129:			}
        -:  130:		}
        -:  131:
        -:  132:	}
        -:  133:
        -:  134:	////////////////////////
        -:  135:	//supply intilization complete
        -:  136:
        -:  137:	//set player decks
       28:  138:	for (i = 0; i < numPlayers; i++)
branch  0 taken 71%
branch  1 taken 29% (fallthrough)
        -:  139:	{
       20:  140:		state->deckCount[i] = 0;
       80:  141:		for (j = 0; j < 3; j++)
branch  0 taken 75%
branch  1 taken 25% (fallthrough)
        -:  142:		{
       60:  143:			state->deck[i][j] = estate;
       60:  144:			state->deckCount[i]++;
        -:  145:		}
      160:  146:		for (j = 3; j < 10; j++)
branch  0 taken 88%
branch  1 taken 13% (fallthrough)
        -:  147:		{
      140:  148:			state->deck[i][j] = copper;
      140:  149:			state->deckCount[i]++;
        -:  150:		}
        -:  151:	}
        -:  152:
        -:  153:	//shuffle player decks
       28:  154:	for (i = 0; i < numPlayers; i++)
branch  0 taken 71%
branch  1 taken 29% (fallthrough)
        -:  155:	{
       20:  156:		if (shuffle(i, state) < 0)
call    0 returned 100%
branch  1 taken 0% (fallthrough)
branch  2 taken 100%
        -:  157:		{
    #####:  158:			return -1;
        -:  159:		}
        -:  160:	}
        -:  161:
        -:  162:	//draw player hands
       28:  163:	for (i = 0; i < numPlayers; i++)
branch  0 taken 71%
branch  1 taken 29% (fallthrough)
        -:  164:	{
        -:  165:		//initialize hand size to zero
       20:  166:		state->handCount[i] = 0;
       20:  167:		state->discardCount[i] = 0;
        -:  168:		//draw 5 cards
        -:  169:		// for (j = 0; j < 5; j++)
        -:  170:		//	{
        -:  171:		//	  drawCard(i, state);
        -:  172:		//	}
        -:  173:	}
        -:  174:
        -:  175:	//set embargo tokens to 0 for all supply piles
      224:  176:	for (i = 0; i <= treasure_map; i++)
branch  0 taken 96%
branch  1 taken 4% (fallthrough)
        -:  177:	{
      216:  178:		state->embargoTokens[i] = 0;
        -:  179:	}
        -:  180:
        -:  181:	//initialize first player's turn
        8:  182:	state->outpostPlayed = 0;
        8:  183:	state->phase = 0;
        8:  184:	state->numActions = 1;
        8:  185:	state->numBuys = 1;
        8:  186:	state->playedCardCount = 0;
        8:  187:	state->whoseTurn = 0;
        8:  188:	state->handCount[state->whoseTurn] = 0;
        -:  189:	//int it; move to top
        -:  190:
        -:  191:	//Moved draw cards to here, only drawing at the start of a turn
       48:  192:	for (it = 0; it < 5; it++) {
branch  0 taken 83%
branch  1 taken 17% (fallthrough)
       40:  193:		drawCard(state->whoseTurn, state);
call    0 returned 100%
        -:  194:	}
        -:  195:
        8:  196:	updateCoins(state->whoseTurn, state, 0);
call    0 returned 100%
        -:  197:
        8:  198:	return 0;
        -:  199:}
        -:  200:
function shuffle called 781 returned 100% blocks executed 100%
      781:  201:int shuffle(int player, struct gameState *state) {
        -:  202:
        -:  203:
        -:  204:	int newDeck[MAX_DECK];
      781:  205:	int newDeckPos = 0;
        -:  206:	int card;
        -:  207:	int i;
        -:  208:
      781:  209:	if (state->deckCount[player] < 1)
branch  0 taken 97% (fallthrough)
branch  1 taken 3%
      759:  210:		return -1;
       22:  211:	qsort((void*)(state->deck[player]), state->deckCount[player], sizeof(int), compare);
call    0 returned 100%
        -:  212:	/* SORT CARDS IN DECK TO ENSURE DETERMINISM! */
        -:  213:
      651:  214:	while (state->deckCount[player] > 0) {
branch  0 taken 97%
branch  1 taken 3% (fallthrough)
      607:  215:		card = floor(Random() * state->deckCount[player]);
call    0 returned 100%
      607:  216:		newDeck[newDeckPos] = state->deck[player][card];
      607:  217:		newDeckPos++;
    41468:  218:		for (i = card; i < state->deckCount[player] - 1; i++) {
branch  0 taken 99%
branch  1 taken 1% (fallthrough)
    40861:  219:			state->deck[player][i] = state->deck[player][i + 1];
        -:  220:		}
      607:  221:		state->deckCount[player]--;
        -:  222:	}
      629:  223:	for (i = 0; i < newDeckPos; i++) {
branch  0 taken 97%
branch  1 taken 3% (fallthrough)
      607:  224:		state->deck[player][i] = newDeck[i];
      607:  225:		state->deckCount[player]++;
        -:  226:	}
        -:  227:
       22:  228:	return 0;
        -:  229:}
        -:  230:
function playCard called 0 returned 0% blocks executed 0%
    #####:  231:int playCard(int handPos, int choice1, int choice2, int choice3, struct gameState *state)
        -:  232:{
        -:  233:	int card;
    #####:  234:	int coin_bonus = 0; 		//tracks coins gain from actions
        -:  235:
        -:  236:								//check if it is the right phase
    #####:  237:	if (state->phase != 0)
branch  0 never executed
branch  1 never executed
        -:  238:	{
    #####:  239:		return -1;
        -:  240:	}
        -:  241:
        -:  242:	//check if player has enough actions
    #####:  243:	if (state->numActions < 1)
branch  0 never executed
branch  1 never executed
        -:  244:	{
    #####:  245:		return -1;
        -:  246:	}
        -:  247:
        -:  248:	//get card played
    #####:  249:	card = handCard(handPos, state);
call    0 never executed
        -:  250:
        -:  251:	//check if selected card is an action
    #####:  252:	if (card < adventurer || card > treasure_map)
branch  0 never executed
branch  1 never executed
branch  2 never executed
branch  3 never executed
        -:  253:	{
    #####:  254:		return -1;
        -:  255:	}
        -:  256:
        -:  257:	//play card
    #####:  258:	if (cardEffect(card, choice1, choice2, choice3, state, handPos, &coin_bonus) < 0)
call    0 never executed
branch  1 never executed
branch  2 never executed
        -:  259:	{
    #####:  260:		return -1;
        -:  261:	}
        -:  262:
        -:  263:	//reduce number of actions
    #####:  264:	state->numActions--;
        -:  265:
        -:  266:	//update coins (Treasure cards may be added with card draws)
    #####:  267:	updateCoins(state->whoseTurn, state, coin_bonus);
call    0 never executed
        -:  268:
    #####:  269:	return 0;
        -:  270:}
        -:  271:
function buyCard called 0 returned 0% blocks executed 0%
    #####:  272:int buyCard(int supplyPos, struct gameState *state) {
        -:  273:	int who;
        -:  274:	if (DEBUG) {
        -:  275:		printf("Entering buyCard...\n");
        -:  276:	}
        -:  277:
        -:  278:	// I don't know what to do about the phase thing.
        -:  279:
    #####:  280:	who = state->whoseTurn;
        -:  281:
    #####:  282:	if (state->numBuys < 1) {
branch  0 never executed
branch  1 never executed
        -:  283:		if (DEBUG)
        -:  284:			printf("You do not have any buys left\n");
    #####:  285:		return -1;
        -:  286:	}
    #####:  287:	else if (supplyCount(supplyPos, state) <1) {
call    0 never executed
branch  1 never executed
branch  2 never executed
        -:  288:		if (DEBUG)
        -:  289:			printf("There are not any of that type of card left\n");
    #####:  290:		return -1;
        -:  291:	}
    #####:  292:	else if (state->coins < getCost(supplyPos)) {
call    0 never executed
branch  1 never executed
branch  2 never executed
        -:  293:		if (DEBUG)
        -:  294:			printf("You do not have enough money to buy that. You have %d coins.\n", state->coins);
    #####:  295:		return -1;
        -:  296:	}
        -:  297:	else {
    #####:  298:		state->phase = 1;
        -:  299:		//state->supplyCount[supplyPos]--;
    #####:  300:		gainCard(supplyPos, state, 0, who); //card goes in discard, this might be wrong.. (2 means goes into hand, 0 goes into discard)
call    0 never executed
        -:  301:
    #####:  302:		state->coins = (state->coins) - (getCost(supplyPos));
call    0 never executed
    #####:  303:		state->numBuys--;
        -:  304:		if (DEBUG)
        -:  305:			printf("You bought card number %d for %d coins. You now have %d buys and %d coins.\n", supplyPos, getCost(supplyPos), state->numBuys, state->coins);
        -:  306:	}
        -:  307:
        -:  308:	//state->discard[who][state->discardCount[who]] = supplyPos;
        -:  309:	//state->discardCount[who]++;
        -:  310:
    #####:  311:	return 0;
        -:  312:}
        -:  313:
function numHandCards called 0 returned 0% blocks executed 0%
    #####:  314:int numHandCards(struct gameState *state) {
    #####:  315:	return state->handCount[whoseTurn(state)];
call    0 never executed
        -:  316:}
        -:  317:
function handCard called 0 returned 0% blocks executed 0%
    #####:  318:int handCard(int handPos, struct gameState *state) {
    #####:  319:	int currentPlayer = whoseTurn(state);
call    0 never executed
    #####:  320:	return state->hand[currentPlayer][handPos];
        -:  321:}
        -:  322:
function supplyCount called 6 returned 100% blocks executed 100%
        6:  323:int supplyCount(int card, struct gameState *state) {
        6:  324:	return state->supplyCount[card];
        -:  325:}
        -:  326:
function fullDeckCount called 0 returned 0% blocks executed 0%
    #####:  327:int fullDeckCount(int player, int card, struct gameState *state) {
        -:  328:	int i;
    #####:  329:	int count = 0;
        -:  330:
    #####:  331:	for (i = 0; i < state->deckCount[player]; i++)
branch  0 never executed
branch  1 never executed
        -:  332:	{
    #####:  333:		if (state->deck[player][i] == card) count++;
branch  0 never executed
branch  1 never executed
        -:  334:	}
        -:  335:
    #####:  336:	for (i = 0; i < state->handCount[player]; i++)
branch  0 never executed
branch  1 never executed
        -:  337:	{
    #####:  338:		if (state->hand[player][i] == card) count++;
branch  0 never executed
branch  1 never executed
        -:  339:	}
        -:  340:
    #####:  341:	for (i = 0; i < state->discardCount[player]; i++)
branch  0 never executed
branch  1 never executed
        -:  342:	{
    #####:  343:		if (state->discard[player][i] == card) count++;
branch  0 never executed
branch  1 never executed
        -:  344:	}
        -:  345:
    #####:  346:	return count;
        -:  347:}
        -:  348:
function whoseTurn called 12 returned 100% blocks executed 100%
       12:  349:int whoseTurn(struct gameState *state) {
       12:  350:	return state->whoseTurn;
        -:  351:}
        -:  352:
function endTurn called 0 returned 0% blocks executed 0%
    #####:  353:int endTurn(struct gameState *state) {
        -:  354:	int k;
        -:  355:	int i;
    #####:  356:	int currentPlayer = whoseTurn(state);
call    0 never executed
        -:  357:
        -:  358:	//Discard hand
    #####:  359:	for (i = 0; i < state->handCount[currentPlayer]; i++) {
branch  0 never executed
branch  1 never executed
    #####:  360:		state->discard[currentPlayer][state->discardCount[currentPlayer]++] = state->hand[currentPlayer][i];//Discard
    #####:  361:		state->hand[currentPlayer][i] = -1;//Set card to -1
        -:  362:	}
    #####:  363:	state->handCount[currentPlayer] = 0;//Reset hand count
        -:  364:
        -:  365:										//Code for determining the player
    #####:  366:	if (currentPlayer < (state->numPlayers - 1)) {
branch  0 never executed
branch  1 never executed
    #####:  367:		state->whoseTurn = currentPlayer + 1;//Still safe to increment
        -:  368:	}
        -:  369:	else {
    #####:  370:		state->whoseTurn = 0;//Max player has been reached, loop back around to player 1
        -:  371:	}
        -:  372:
    #####:  373:	state->outpostPlayed = 0;
    #####:  374:	state->phase = 0;
    #####:  375:	state->numActions = 1;
    #####:  376:	state->coins = 0;
    #####:  377:	state->numBuys = 1;
    #####:  378:	state->playedCardCount = 0;
    #####:  379:	state->handCount[state->whoseTurn] = 0;
        -:  380:
        -:  381:	//int k; move to top
        -:  382:	//Next player draws hand
    #####:  383:	for (k = 0; k < 5; k++) {
branch  0 never executed
branch  1 never executed
    #####:  384:		drawCard(state->whoseTurn, state);//Draw a card
call    0 never executed
        -:  385:	}
        -:  386:
        -:  387:	//Update money
    #####:  388:	updateCoins(state->whoseTurn, state, 0);
call    0 never executed
        -:  389:
    #####:  390:	return 0;
        -:  391:}
        -:  392:
function isGameOver called 0 returned 0% blocks executed 0%
    #####:  393:int isGameOver(struct gameState *state) {
        -:  394:	int i;
        -:  395:	int j;
        -:  396:
        -:  397:	//if stack of Province cards is empty, the game ends
    #####:  398:	if (state->supplyCount[province] == 0)
branch  0 never executed
branch  1 never executed
        -:  399:	{
    #####:  400:		return 1;
        -:  401:	}
        -:  402:
        -:  403:	//if three supply pile are at 0, the game ends
    #####:  404:	j = 0;
    #####:  405:	for (i = 0; i < 25; i++)
branch  0 never executed
branch  1 never executed
        -:  406:	{
    #####:  407:		if (state->supplyCount[i] == 0)
branch  0 never executed
branch  1 never executed
        -:  408:		{
    #####:  409:			j++;
        -:  410:		}
        -:  411:	}
    #####:  412:	if (j >= 3)
branch  0 never executed
branch  1 never executed
        -:  413:	{
    #####:  414:		return 1;
        -:  415:	}
        -:  416:
    #####:  417:	return 0;
        -:  418:}
        -:  419:
function scoreFor called 0 returned 0% blocks executed 0%
    #####:  420:int scoreFor(int player, struct gameState *state) {
        -:  421:
        -:  422:	int i;
    #####:  423:	int score = 0;
        -:  424:	//score from hand
    #####:  425:	for (i = 0; i < state->handCount[player]; i++)
branch  0 never executed
branch  1 never executed
        -:  426:	{
    #####:  427:		if (state->hand[player][i] == curse) { score = score - 1; };
branch  0 never executed
branch  1 never executed
    #####:  428:		if (state->hand[player][i] == estate) { score = score + 1; };
branch  0 never executed
branch  1 never executed
    #####:  429:		if (state->hand[player][i] == duchy) { score = score + 3; };
branch  0 never executed
branch  1 never executed
    #####:  430:		if (state->hand[player][i] == province) { score = score + 6; };
branch  0 never executed
branch  1 never executed
    #####:  431:		if (state->hand[player][i] == great_hall) { score = score + 1; };
branch  0 never executed
branch  1 never executed
    #####:  432:		if (state->hand[player][i] == gardens) { score = score + (fullDeckCount(player, 0, state) / 10); };
branch  0 never executed
branch  1 never executed
call    2 never executed
        -:  433:	}
        -:  434:
        -:  435:	//score from discard
    #####:  436:	for (i = 0; i < state->discardCount[player]; i++)
branch  0 never executed
branch  1 never executed
        -:  437:	{
    #####:  438:		if (state->discard[player][i] == curse) { score = score - 1; };
branch  0 never executed
branch  1 never executed
    #####:  439:		if (state->discard[player][i] == estate) { score = score + 1; };
branch  0 never executed
branch  1 never executed
    #####:  440:		if (state->discard[player][i] == duchy) { score = score + 3; };
branch  0 never executed
branch  1 never executed
    #####:  441:		if (state->discard[player][i] == province) { score = score + 6; };
branch  0 never executed
branch  1 never executed
    #####:  442:		if (state->discard[player][i] == great_hall) { score = score + 1; };
branch  0 never executed
branch  1 never executed
    #####:  443:		if (state->discard[player][i] == gardens) { score = score + (fullDeckCount(player, 0, state) / 10); };
branch  0 never executed
branch  1 never executed
call    2 never executed
        -:  444:	}
        -:  445:
        -:  446:	//score from deck
    #####:  447:	for (i = 0; i < state->discardCount[player]; i++)
branch  0 never executed
branch  1 never executed
        -:  448:	{
    #####:  449:		if (state->deck[player][i] == curse) { score = score - 1; };
branch  0 never executed
branch  1 never executed
    #####:  450:		if (state->deck[player][i] == estate) { score = score + 1; };
branch  0 never executed
branch  1 never executed
    #####:  451:		if (state->deck[player][i] == duchy) { score = score + 3; };
branch  0 never executed
branch  1 never executed
    #####:  452:		if (state->deck[player][i] == province) { score = score + 6; };
branch  0 never executed
branch  1 never executed
    #####:  453:		if (state->deck[player][i] == great_hall) { score = score + 1; };
branch  0 never executed
branch  1 never executed
    #####:  454:		if (state->deck[player][i] == gardens) { score = score + (fullDeckCount(player, 0, state) / 10); };
branch  0 never executed
branch  1 never executed
call    2 never executed
        -:  455:	}
        -:  456:
    #####:  457:	return score;
        -:  458:}
        -:  459:
function getWinners called 0 returned 0% blocks executed 0%
    #####:  460:int getWinners(int players[MAX_PLAYERS], struct gameState *state) {
        -:  461:	int i;
        -:  462:	int j;
        -:  463:	int highScore;
        -:  464:	int currentPlayer;
        -:  465:
        -:  466:	//get score for each player
    #####:  467:	for (i = 0; i < MAX_PLAYERS; i++)
branch  0 never executed
branch  1 never executed
        -:  468:	{
        -:  469:		//set unused player scores to -9999
    #####:  470:		if (i >= state->numPlayers)
branch  0 never executed
branch  1 never executed
        -:  471:		{
    #####:  472:			players[i] = -9999;
        -:  473:		}
        -:  474:		else
        -:  475:		{
    #####:  476:			players[i] = scoreFor(i, state);
call    0 never executed
        -:  477:		}
        -:  478:	}
        -:  479:
        -:  480:	//find highest score
    #####:  481:	j = 0;
    #####:  482:	for (i = 0; i < MAX_PLAYERS; i++)
branch  0 never executed
branch  1 never executed
        -:  483:	{
    #####:  484:		if (players[i] > players[j])
branch  0 never executed
branch  1 never executed
        -:  485:		{
    #####:  486:			j = i;
        -:  487:		}
        -:  488:	}
    #####:  489:	highScore = players[j];
        -:  490:
        -:  491:	//add 1 to players who had less turns
    #####:  492:	currentPlayer = whoseTurn(state);
call    0 never executed
    #####:  493:	for (i = 0; i < MAX_PLAYERS; i++)
branch  0 never executed
branch  1 never executed
        -:  494:	{
    #####:  495:		if (players[i] == highScore && i > currentPlayer)
branch  0 never executed
branch  1 never executed
branch  2 never executed
branch  3 never executed
        -:  496:		{
    #####:  497:			players[i]++;
        -:  498:		}
        -:  499:	}
        -:  500:
        -:  501:	//find new highest score
    #####:  502:	j = 0;
    #####:  503:	for (i = 0; i < MAX_PLAYERS; i++)
branch  0 never executed
branch  1 never executed
        -:  504:	{
    #####:  505:		if (players[i] > players[j])
branch  0 never executed
branch  1 never executed
        -:  506:		{
    #####:  507:			j = i;
        -:  508:		}
        -:  509:	}
    #####:  510:	highScore = players[j];
        -:  511:
        -:  512:	//set winners in array to 1 and rest to 0
    #####:  513:	for (i = 0; i < MAX_PLAYERS; i++)
branch  0 never executed
branch  1 never executed
        -:  514:	{
    #####:  515:		if (players[i] == highScore)
branch  0 never executed
branch  1 never executed
        -:  516:		{
    #####:  517:			players[i] = 1;
        -:  518:		}
        -:  519:		else
        -:  520:		{
    #####:  521:			players[i] = 0;
        -:  522:		}
        -:  523:	}
        -:  524:
    #####:  525:	return 0;
        -:  526:}
        -:  527:
function drawCard called 459 returned 100% blocks executed 100%
      459:  528:int drawCard(int player, struct gameState *state)
        -:  529:{
        -:  530:	int count;
        -:  531:	int deckCounter;
      459:  532:	if (state->deckCount[player] <= 0) {//Deck is empty
branch  0 taken 83% (fallthrough)
branch  1 taken 17%
        -:  533:
        -:  534:										//Step 1 Shuffle the discard pile back into a deck
        -:  535:		int i;
        -:  536:		//Move discard to deck
      788:  537:		for (i = 0; i < state->discardCount[player]; i++) {
branch  0 taken 52%
branch  1 taken 48% (fallthrough)
      407:  538:			state->deck[player][i] = state->discard[player][i];
      407:  539:			state->discard[player][i] = -1;
        -:  540:		}
        -:  541:
      381:  542:		state->deckCount[player] = state->discardCount[player];
      381:  543:		state->discardCount[player] = 0;//Reset discard
        -:  544:
        -:  545:										//Shufffle the deck
      381:  546:		shuffle(player, state);//Shuffle the deck up and make it so that we can draw
call    0 returned 100%
        -:  547:
        -:  548:		if (DEBUG) {//Debug statements
        -:  549:			printf("Deck count now: %d\n", state->deckCount[player]);
        -:  550:		}
        -:  551:
      381:  552:		state->discardCount[player] = 0;
        -:  553:
        -:  554:		//Step 2 Draw Card
      381:  555:		count = state->handCount[player];//Get current player's hand count
        -:  556:
        -:  557:		if (DEBUG) {//Debug statements
        -:  558:			printf("Current hand count: %d\n", count);
        -:  559:		}
        -:  560:
      381:  561:		deckCounter = state->deckCount[player];//Create a holder for the deck count
        -:  562:
      381:  563:		if (deckCounter == 0)
branch  0 taken 99% (fallthrough)
branch  1 taken 1%
      379:  564:			return -1;
        -:  565:
        2:  566:		state->hand[player][count] = state->deck[player][deckCounter - 1];//Add card to hand
        2:  567:		state->deckCount[player]--;
        2:  568:		state->handCount[player]++;//Increment hand count
        -:  569:	}
        -:  570:
        -:  571:	else {
       78:  572:		int count = state->handCount[player];//Get current hand count for player
        -:  573:		int deckCounter;
        -:  574:		if (DEBUG) {//Debug statements
        -:  575:			printf("Current hand count: %d\n", count);
        -:  576:		}
        -:  577:
       78:  578:		deckCounter = state->deckCount[player];//Create holder for the deck count
       78:  579:		state->hand[player][count] = state->deck[player][deckCounter - 1];//Add card to the hand
       78:  580:		state->deckCount[player]--;
       78:  581:		state->handCount[player]++;//Increment hand count
        -:  582:	}
        -:  583:
       80:  584:	return 0;
        -:  585:}
        -:  586:
function getCost called 0 returned 0% blocks executed 0%
    #####:  587:int getCost(int cardNumber)
        -:  588:{
    #####:  589:	switch (cardNumber)
branch  0 never executed
branch  1 never executed
branch  2 never executed
branch  3 never executed
branch  4 never executed
branch  5 never executed
branch  6 never executed
branch  7 never executed
branch  8 never executed
branch  9 never executed
branch 10 never executed
branch 11 never executed
branch 12 never executed
branch 13 never executed
branch 14 never executed
branch 15 never executed
branch 16 never executed
branch 17 never executed
branch 18 never executed
branch 19 never executed
branch 20 never executed
branch 21 never executed
branch 22 never executed
branch 23 never executed
branch 24 never executed
branch 25 never executed
branch 26 never executed
branch 27 never executed
        -:  590:	{
        -:  591:	case curse:
    #####:  592:		return 0;
        -:  593:	case estate:
    #####:  594:		return 2;
        -:  595:	case duchy:
    #####:  596:		return 5;
        -:  597:	case province:
    #####:  598:		return 8;
        -:  599:	case copper:
    #####:  600:		return 0;
        -:  601:	case silver:
    #####:  602:		return 3;
        -:  603:	case gold:
    #####:  604:		return 6;
        -:  605:	case adventurer:
    #####:  606:		return 6;
        -:  607:	case council_room:
    #####:  608:		return 5;
        -:  609:	case feast:
    #####:  610:		return 4;
        -:  611:	case gardens:
    #####:  612:		return 4;
        -:  613:	case mine:
    #####:  614:		return 5;
        -:  615:	case remodel:
    #####:  616:		return 4;
        -:  617:	case smithy:
    #####:  618:		return 4;
        -:  619:	case village:
    #####:  620:		return 3;
        -:  621:	case baron:
    #####:  622:		return 4;
        -:  623:	case great_hall:
    #####:  624:		return 3;
        -:  625:	case minion:
    #####:  626:		return 5;
        -:  627:	case steward:
    #####:  628:		return 3;
        -:  629:	case tribute:
    #####:  630:		return 5;
        -:  631:	case ambassador:
    #####:  632:		return 3;
        -:  633:	case cutpurse:
    #####:  634:		return 4;
        -:  635:	case embargo:
    #####:  636:		return 2;
        -:  637:	case outpost:
    #####:  638:		return 5;
        -:  639:	case salvager:
    #####:  640:		return 4;
        -:  641:	case sea_hag:
    #####:  642:		return 4;
        -:  643:	case treasure_map:
    #####:  644:		return 4;
        -:  645:	}
        -:  646:
    #####:  647:	return -1;
        -:  648:}
        -:  649:
function adventurerCardEffect called 2 returned 100% blocks executed 100%
        2:  650:int adventurerCardEffect(struct gameState *state, int currentPlayer)
        -:  651:{
        2:  652:	int drawntreasure = 1, cardDrawn, z = 0; int temphand[MAX_HAND];// moved above the if statement
        -:  653:																	//Bug start drawnTreasure at 1 instead of 0
      403:  654:	while (drawntreasure<2) {
branch  0 taken 99%
branch  1 taken 1% (fallthrough)
      399:  655:		if (state->deckCount[currentPlayer] <1) {//if the deck is empty we need to shuffle discard and add to deck
branch  0 taken 95% (fallthrough)
branch  1 taken 5%
      380:  656:			shuffle(currentPlayer, state);
call    0 returned 100%
        -:  657:		}
      399:  658:		drawCard(currentPlayer, state);
call    0 returned 100%
      399:  659:		cardDrawn = state->hand[currentPlayer][state->handCount[currentPlayer] - 1];//top card of hand is most recently drawn card.
      399:  660:		if (cardDrawn == copper || cardDrawn == silver /*|| cardDrawn == gold*/)
branch  0 taken 99% (fallthrough)
branch  1 taken 1%
branch  2 taken 0% (fallthrough)
branch  3 taken 100%
        -:  661:			//Bug 2: remove cardDrawn== gold 
        2:  662:			drawntreasure++;
        -:  663:		else {
      397:  664:			temphand[z] = cardDrawn;
      397:  665:			state->handCount[currentPlayer]--; //this should just remove the top card (the most recently drawn one).
      397:  666:			z++;
        -:  667:		}
        -:  668:	}
      401:  669:	while (z - 1 >= 0) {
branch  0 taken 99%
branch  1 taken 1% (fallthrough)
      397:  670:		state->discard[currentPlayer][state->discardCount[currentPlayer]++] = temphand[z - 1]; // discard all cards in play that have been drawn
      397:  671:		z = z - 1;
        -:  672:	}
        2:  673:	return 0;
        -:  674:
        -:  675:
        -:  676:}
        -:  677://maybe moove current player
        -:  678:
function smithyCardEffect called 2 returned 100% blocks executed 100%
        2:  679:int  smithyCardEffect(struct gameState *state, int handPos, int currentPlayer)
        -:  680:{
        -:  681:	int i;
        -:  682:
        -:  683:	//Bug: adjusted for loop
        -:  684:	//	for (i = 0; i < 3; i++)
       10:  685:	for (i = 0; i<4; i++)
branch  0 taken 80%
branch  1 taken 20% (fallthrough)
        -:  686:	{
        8:  687:		drawCard(currentPlayer, state);
call    0 returned 100%
        -:  688:	}
        -:  689:
        -:  690:	//discard card from hand
        2:  691:	discardCard(handPos, currentPlayer, state, 0);
call    0 returned 100%
        2:  692:	return 0;
        -:  693:}
        -:  694:
        -:  695:
function villageCardEffect called 2 returned 100% blocks executed 100%
        2:  696:int  villageCardEffect(struct gameState *state, int handPos, int currentPlayer)
        -:  697:{
        -:  698:	//int currentPlayer = whoseTurn(state);
        -:  699:	//+1 Card
        2:  700:	drawCard(currentPlayer, state);
call    0 returned 100%
        -:  701:
        -:  702:	//+2 Actions
        -:  703:	//	state->numActions = state->numActions + 2;
        2:  704:	state->numActions = state->numActions + 3;
        -:  705:	//discard played card from hand
        2:  706:	discardCard(handPos, currentPlayer, state, 0);
call    0 returned 100%
        2:  707:	return 0;
        -:  708:}
        -:  709:
function stewardCardEffect called 0 returned 0% blocks executed 0%
    #####:  710:int  stewardCardEffect(struct gameState *state, int choice1, int choice2, int choice3, int handPos, int currentPlayer)
        -:  711:{
        -:  712:	//int currentPlayer = whoseTurn(state);
        -:  713:
    #####:  714:	if (choice1 == 1)
branch  0 never executed
branch  1 never executed
        -:  715:	{
        -:  716:		//+2 cards
    #####:  717:		drawCard(currentPlayer, state);
call    0 never executed
    #####:  718:		drawCard(currentPlayer, state);
call    0 never executed
        -:  719:	}
    #####:  720:	else if (choice1 == 2)
branch  0 never executed
branch  1 never executed
        -:  721:	{
        -:  722:		//+2 coins
    #####:  723:		state->coins = state->coins + 2;
        -:  724:	}
        -:  725:	else
        -:  726:	{
        -:  727:		//trash 2 cards in hand
    #####:  728:		discardCard(choice2, currentPlayer, state, 1);
call    0 never executed
    #####:  729:		discardCard(choice3, currentPlayer, state, 1);
call    0 never executed
        -:  730:	}
        -:  731:
        -:  732:	//discard card from hand
    #####:  733:	discardCard(handPos, currentPlayer, state, 0);
call    0 never executed
    #####:  734:	return 0;
        -:  735:}
        -:  736:
        -:  737:
function embargoCardEffect called 0 returned 0% blocks executed 0%
    #####:  738:int  embargoCardEffect(struct gameState *state, int choice1, int handPos, int currentPlayer)
        -:  739:{
        -:  740:
        -:  741:	//void embargo(gameState *state, int handPos, int currentPlayer)
        -:  742:	//+2 Coins
        -:  743:	//	state->coins = state->coins + 2;
    #####:  744:	state->coins = state->coins + 3;
        -:  745:	//see if selected pile is in play
    #####:  746:	if (state->supplyCount[choice1] == -1)
branch  0 never executed
branch  1 never executed
        -:  747:	{
    #####:  748:		return -1;
        -:  749:	}
        -:  750:
        -:  751:	//add embargo token to selected supply pile
    #####:  752:	state->embargoTokens[choice1]++;
    #####:  753:	state->embargoTokens[choice1]++;
        -:  754:	//trash card
    #####:  755:	discardCard(handPos, currentPlayer, state, 1);
call    0 never executed
    #####:  756:	return 0;
        -:  757:
        -:  758:}
        -:  759:
        -:  760:
function cardEffect called 6 returned 100% blocks executed 14%
        6:  761:int cardEffect(int card, int choice1, int choice2, int choice3, struct gameState *state, int handPos, int *bonus)
        -:  762:{
        -:  763:	int i;
        -:  764:	int j;
        -:  765:	int k;
        -:  766:	int x;
        -:  767:	int index;
        6:  768:	int currentPlayer = whoseTurn(state);
call    0 returned 100%
        6:  769:	int nextPlayer = currentPlayer + 1;
        -:  770:
        6:  771:	int tributeRevealedCards[2] = { -1, -1 };
        -:  772:	int temphand[MAX_HAND];// moved above the if statement
        -:  773:						   //	int drawntreasure = 0;
        -:  774:						   //int cardDrawn;
        -:  775:						   //	int z = 0;// this is the counter for the temp hand
        6:  776:	if (nextPlayer > (state->numPlayers - 1)) {
branch  0 taken 0% (fallthrough)
branch  1 taken 100%
    #####:  777:		nextPlayer = 0;
        -:  778:	}
        -:  779:
        -:  780:
        -:  781:	//uses switch to select card and perform actions
        6:  782:	switch (card)
branch  0 taken 33%
branch  1 taken 0%
branch  2 taken 0%
branch  3 taken 0%
branch  4 taken 0%
branch  5 taken 0%
branch  6 taken 33%
branch  7 taken 0%
branch  8 taken 0%
branch  9 taken 0%
branch 10 taken 0%
branch 11 taken 0%
branch 12 taken 0%
branch 13 taken 0%
branch 14 taken 0%
branch 15 taken 0%
branch 16 taken 0%
branch 17 taken 0%
branch 18 taken 33%
branch 19 taken 0%
branch 20 taken 0%
        -:  783:	{
        -:  784:	case adventurer:
        -:  785:
        2:  786:		adventurerCardEffect(state, currentPlayer);
call    0 returned 100%
        -:  787:
        -:  788:	case council_room:
        -:  789:		//+4 Cards
       10:  790:		for (i = 0; i < 4; i++)
branch  0 taken 80%
branch  1 taken 20% (fallthrough)
        -:  791:		{
        8:  792:			drawCard(currentPlayer, state);
call    0 returned 100%
        -:  793:		}
        -:  794:
        -:  795:		//+1 Buy
        2:  796:		state->numBuys++;
        -:  797:
        -:  798:		//Each other player draws a card
        6:  799:		for (i = 0; i < state->numPlayers; i++)
branch  0 taken 67%
branch  1 taken 33% (fallthrough)
        -:  800:		{
        4:  801:			if (i != currentPlayer)
branch  0 taken 50% (fallthrough)
branch  1 taken 50%
        -:  802:			{
        2:  803:				drawCard(i, state);
call    0 returned 100%
        -:  804:			}
        -:  805:		}
        -:  806:
        -:  807:		//put played card in played card pile
        2:  808:		discardCard(handPos, currentPlayer, state, 0);
call    0 returned 100%
        -:  809:
        2:  810:		return 0;
        -:  811:
        -:  812:	case feast:
        -:  813:		//gain card with cost up to 5
        -:  814:		//Backup hand
    #####:  815:		for (i = 0; i <= state->handCount[currentPlayer]; i++) {
branch  0 never executed
branch  1 never executed
    #####:  816:			temphand[i] = state->hand[currentPlayer][i];//Backup card
    #####:  817:			state->hand[currentPlayer][i] = -1;//Set to nothing
        -:  818:		}
        -:  819:		//Backup hand
        -:  820:
        -:  821:		//Update Coins for Buy
    #####:  822:		updateCoins(currentPlayer, state, 5);
call    0 never executed
    #####:  823:		x = 1;//Condition to loop on
    #####:  824:		while (x == 1) {//Buy one card
branch  0 never executed
branch  1 never executed
    #####:  825:			if (supplyCount(choice1, state) <= 0) {
call    0 never executed
branch  1 never executed
branch  2 never executed
        -:  826:				if (DEBUG)
        -:  827:					printf("None of that card left, sorry!\n");
        -:  828:
        -:  829:				if (DEBUG) {
        -:  830:					printf("Cards Left: %d\n", supplyCount(choice1, state));
        -:  831:				}
        -:  832:			}
    #####:  833:			else if (state->coins < getCost(choice1)) {
call    0 never executed
branch  1 never executed
branch  2 never executed
    #####:  834:				printf("That card is too expensive!\n");
call    0 never executed
        -:  835:
        -:  836:				if (DEBUG) {
        -:  837:					printf("Coins: %d < %d\n", state->coins, getCost(choice1));
        -:  838:				}
        -:  839:			}
        -:  840:			else {
        -:  841:
        -:  842:				if (DEBUG) {
        -:  843:					printf("Deck Count: %d\n", state->handCount[currentPlayer] + state->deckCount[currentPlayer] + state->discardCount[currentPlayer]);
        -:  844:				}
        -:  845:
    #####:  846:				gainCard(choice1, state, 0, currentPlayer);//Gain the card
call    0 never executed
    #####:  847:				x = 0;//No more buying cards
        -:  848:
        -:  849:				if (DEBUG) {
        -:  850:					printf("Deck Count: %d\n", state->handCount[currentPlayer] + state->deckCount[currentPlayer] + state->discardCount[currentPlayer]);
        -:  851:				}
        -:  852:
        -:  853:			}
        -:  854:		}
        -:  855:
        -:  856:		//Reset Hand
    #####:  857:		for (i = 0; i <= state->handCount[currentPlayer]; i++) {
branch  0 never executed
branch  1 never executed
    #####:  858:			state->hand[currentPlayer][i] = temphand[i];
    #####:  859:			temphand[i] = -1;
        -:  860:		}
        -:  861:		//Reset Hand
        -:  862:
    #####:  863:		return 0;
        -:  864:
        -:  865:	case gardens:
    #####:  866:		return -1;
        -:  867:
        -:  868:	case mine:
    #####:  869:		j = state->hand[currentPlayer][choice1];  //store card we will trash
        -:  870:
    #####:  871:		if (state->hand[currentPlayer][choice1] < copper || state->hand[currentPlayer][choice1] > gold)
branch  0 never executed
branch  1 never executed
branch  2 never executed
branch  3 never executed
        -:  872:		{
    #####:  873:			return -1;
        -:  874:		}
        -:  875:
    #####:  876:		if (choice2 > treasure_map || choice2 < curse)
branch  0 never executed
branch  1 never executed
branch  2 never executed
branch  3 never executed
        -:  877:		{
    #####:  878:			return -1;
        -:  879:		}
        -:  880:
    #####:  881:		if ((getCost(state->hand[currentPlayer][choice1]) + 3) > getCost(choice2))
call    0 never executed
call    1 never executed
branch  2 never executed
branch  3 never executed
        -:  882:		{
    #####:  883:			return -1;
        -:  884:		}
        -:  885:
    #####:  886:		gainCard(choice2, state, 2, currentPlayer);
call    0 never executed
        -:  887:
        -:  888:		//discard card from hand
    #####:  889:		discardCard(handPos, currentPlayer, state, 0);
call    0 never executed
        -:  890:
        -:  891:		//discard trashed card
    #####:  892:		for (i = 0; i < state->handCount[currentPlayer]; i++)
branch  0 never executed
branch  1 never executed
        -:  893:		{
    #####:  894:			if (state->hand[currentPlayer][i] == j)
branch  0 never executed
branch  1 never executed
        -:  895:			{
    #####:  896:				discardCard(i, currentPlayer, state, 0);
call    0 never executed
    #####:  897:				break;
        -:  898:			}
        -:  899:		}
        -:  900:
    #####:  901:		return 0;
        -:  902:
        -:  903:	case remodel:
    #####:  904:		j = state->hand[currentPlayer][choice1];  //store card we will trash
        -:  905:
    #####:  906:		if ((getCost(state->hand[currentPlayer][choice1]) + 2) > getCost(choice2))
call    0 never executed
call    1 never executed
branch  2 never executed
branch  3 never executed
        -:  907:		{
    #####:  908:			return -1;
        -:  909:		}
        -:  910:
    #####:  911:		gainCard(choice2, state, 0, currentPlayer);
call    0 never executed
        -:  912:
        -:  913:		//discard card from hand
    #####:  914:		discardCard(handPos, currentPlayer, state, 0);
call    0 never executed
        -:  915:
        -:  916:		//discard trashed card
    #####:  917:		for (i = 0; i < state->handCount[currentPlayer]; i++)
branch  0 never executed
branch  1 never executed
        -:  918:		{
    #####:  919:			if (state->hand[currentPlayer][i] == j)
branch  0 never executed
branch  1 never executed
        -:  920:			{
    #####:  921:				discardCard(i, currentPlayer, state, 0);
call    0 never executed
    #####:  922:				break;
        -:  923:			}
        -:  924:		}
        -:  925:
        -:  926:
    #####:  927:		return 0;
        -:  928:
        -:  929:	case smithy:
        -:  930:
        2:  931:		smithyCardEffect(state, handPos, currentPlayer);
call    0 returned 100%
        -:  932:
        -:  933:	case village:
        -:  934:
        2:  935:		villageCardEffect(state, handPos, currentPlayer);
call    0 returned 100%
        -:  936:
        -:  937:	case baron:
        2:  938:		state->numBuys++;//Increase buys by 1!
        2:  939:		if (choice1 > 0) {//Boolean true or going to discard an estate
branch  0 taken 0% (fallthrough)
branch  1 taken 100%
    #####:  940:			int p = 0;//Iterator for hand!
    #####:  941:			int card_not_discarded = 1;//Flag for discard set!
    #####:  942:			while (card_not_discarded) {
branch  0 never executed
branch  1 never executed
    #####:  943:				if (state->hand[currentPlayer][p] == estate) {//Found an estate card!
branch  0 never executed
branch  1 never executed
    #####:  944:					state->coins += 4;//Add 4 coins to the amount of coins
    #####:  945:					state->discard[currentPlayer][state->discardCount[currentPlayer]] = state->hand[currentPlayer][p];
    #####:  946:					state->discardCount[currentPlayer]++;
    #####:  947:					for (; p < state->handCount[currentPlayer]; p++) {
branch  0 never executed
branch  1 never executed
    #####:  948:						state->hand[currentPlayer][p] = state->hand[currentPlayer][p + 1];
        -:  949:					}
    #####:  950:					state->hand[currentPlayer][state->handCount[currentPlayer]] = -1;
    #####:  951:					state->handCount[currentPlayer]--;
    #####:  952:					card_not_discarded = 0;//Exit the loop
        -:  953:				}
    #####:  954:				else if (p > state->handCount[currentPlayer]) {
branch  0 never executed
branch  1 never executed
        -:  955:					if (DEBUG) {
        -:  956:						printf("No estate cards in your hand, invalid choice\n");
        -:  957:						printf("Must gain an estate if there are any\n");
        -:  958:					}
    #####:  959:					if (supplyCount(estate, state) > 0) {
call    0 never executed
branch  1 never executed
branch  2 never executed
    #####:  960:						gainCard(estate, state, 0, currentPlayer);
call    0 never executed
    #####:  961:						state->supplyCount[estate]--;//Decrement estates
    #####:  962:						if (supplyCount(estate, state) == 0) {
call    0 never executed
branch  1 never executed
branch  2 never executed
    #####:  963:							isGameOver(state);
call    0 never executed
        -:  964:						}
        -:  965:					}
    #####:  966:					card_not_discarded = 0;//Exit the loop
        -:  967:				}
        -:  968:
        -:  969:				else {
    #####:  970:					p++;//Next card
        -:  971:				}
        -:  972:			}
        -:  973:		}
        -:  974:
        -:  975:		else {
        2:  976:			if (supplyCount(estate, state) > 0) {
call    0 returned 100%
branch  1 taken 100% (fallthrough)
branch  2 taken 0%
        2:  977:				gainCard(estate, state, 0, currentPlayer);//Gain an estate
call    0 returned 100%
        2:  978:				state->supplyCount[estate]--;//Decrement Estates
        2:  979:				if (supplyCount(estate, state) == 0) {
call    0 returned 100%
branch  1 taken 0% (fallthrough)
branch  2 taken 100%
    #####:  980:					isGameOver(state);
call    0 never executed
        -:  981:				}
        -:  982:			}
        -:  983:		}
        -:  984:
        -:  985:
        2:  986:		return 0;
        -:  987:
        -:  988:	case great_hall:
        -:  989:		//+1 Card
    #####:  990:		drawCard(currentPlayer, state);
call    0 never executed
        -:  991:
        -:  992:		//+1 Actions
    #####:  993:		state->numActions++;
        -:  994:
        -:  995:		//discard card from hand
    #####:  996:		discardCard(handPos, currentPlayer, state, 0);
call    0 never executed
    #####:  997:		return 0;
        -:  998:
        -:  999:	case minion:
        -: 1000:		//+1 action
    #####: 1001:		state->numActions++;
        -: 1002:
        -: 1003:		//discard card from hand
    #####: 1004:		discardCard(handPos, currentPlayer, state, 0);
call    0 never executed
        -: 1005:
    #####: 1006:		if (choice1)		//+2 coins
branch  0 never executed
branch  1 never executed
        -: 1007:		{
    #####: 1008:			state->coins = state->coins + 2;
        -: 1009:		}
        -: 1010:
    #####: 1011:		else if (choice2)		//discard hand, redraw 4, other players with 5+ cards discard hand and draw 4
branch  0 never executed
branch  1 never executed
        -: 1012:		{
        -: 1013:			//discard hand
    #####: 1014:			while (numHandCards(state) > 0)
call    0 never executed
branch  1 never executed
branch  2 never executed
        -: 1015:			{
    #####: 1016:				discardCard(handPos, currentPlayer, state, 0);
call    0 never executed
        -: 1017:			}
        -: 1018:
        -: 1019:			//draw 4
    #####: 1020:			for (i = 0; i < 4; i++)
branch  0 never executed
branch  1 never executed
        -: 1021:			{
    #####: 1022:				drawCard(currentPlayer, state);
call    0 never executed
        -: 1023:			}
        -: 1024:
        -: 1025:			//other players discard hand and redraw if hand size > 4
    #####: 1026:			for (i = 0; i < state->numPlayers; i++)
branch  0 never executed
branch  1 never executed
        -: 1027:			{
    #####: 1028:				if (i != currentPlayer)
branch  0 never executed
branch  1 never executed
        -: 1029:				{
    #####: 1030:					if (state->handCount[i] > 4)
branch  0 never executed
branch  1 never executed
        -: 1031:					{
        -: 1032:						//discard hand
    #####: 1033:						while (state->handCount[i] > 0)
branch  0 never executed
branch  1 never executed
        -: 1034:						{
    #####: 1035:							discardCard(handPos, i, state, 0);
call    0 never executed
        -: 1036:						}
        -: 1037:
        -: 1038:						//draw 4
    #####: 1039:						for (j = 0; j < 4; j++)
branch  0 never executed
branch  1 never executed
        -: 1040:						{
    #####: 1041:							drawCard(i, state);
call    0 never executed
        -: 1042:						}
        -: 1043:					}
        -: 1044:				}
        -: 1045:			}
        -: 1046:
        -: 1047:		}
    #####: 1048:		return 0;
        -: 1049:
        -: 1050:	case steward:
        -: 1051:		//steward(gameState *state, int choice1, int choice2, int choice3, int handPos)
    #####: 1052:		stewardCardEffect(state, choice1, choice2, choice3, handPos, currentPlayer);
call    0 never executed
        -: 1053:
        -: 1054:	case tribute:
    #####: 1055:		if ((state->discardCount[nextPlayer] + state->deckCount[nextPlayer]) <= 1) {
branch  0 never executed
branch  1 never executed
    #####: 1056:			if (state->deckCount[nextPlayer] > 0) {
branch  0 never executed
branch  1 never executed
    #####: 1057:				tributeRevealedCards[0] = state->deck[nextPlayer][state->deckCount[nextPlayer] - 1];
    #####: 1058:				state->deckCount[nextPlayer]--;
        -: 1059:			}
    #####: 1060:			else if (state->discardCount[nextPlayer] > 0) {
branch  0 never executed
branch  1 never executed
    #####: 1061:				tributeRevealedCards[0] = state->discard[nextPlayer][state->discardCount[nextPlayer] - 1];
    #####: 1062:				state->discardCount[nextPlayer]--;
        -: 1063:			}
        -: 1064:			else {
        -: 1065:				//No Card to Reveal
        -: 1066:				if (DEBUG) {
        -: 1067:					printf("No cards to reveal\n");
        -: 1068:				}
        -: 1069:			}
        -: 1070:		}
        -: 1071:
        -: 1072:		else {
    #####: 1073:			if (state->deckCount[nextPlayer] == 0) {
branch  0 never executed
branch  1 never executed
    #####: 1074:				for (i = 0; i < state->discardCount[nextPlayer]; i++) {
branch  0 never executed
branch  1 never executed
    #####: 1075:					state->deck[nextPlayer][i] = state->discard[nextPlayer][i];//Move to deck
    #####: 1076:					state->deckCount[nextPlayer]++;
    #####: 1077:					state->discard[nextPlayer][i] = -1;
    #####: 1078:					state->discardCount[nextPlayer]--;
        -: 1079:				}
        -: 1080:
    #####: 1081:				shuffle(nextPlayer, state);//Shuffle the deck
call    0 never executed
        -: 1082:			}
    #####: 1083:			tributeRevealedCards[0] = state->deck[nextPlayer][state->deckCount[nextPlayer] - 1];
    #####: 1084:			state->deck[nextPlayer][state->deckCount[nextPlayer]--] = -1;
    #####: 1085:			state->deckCount[nextPlayer]--;
    #####: 1086:			tributeRevealedCards[1] = state->deck[nextPlayer][state->deckCount[nextPlayer] - 1];
    #####: 1087:			state->deck[nextPlayer][state->deckCount[nextPlayer]--] = -1;
    #####: 1088:			state->deckCount[nextPlayer]--;
        -: 1089:		}
        -: 1090:
    #####: 1091:		if (tributeRevealedCards[0] == tributeRevealedCards[1]) {//If we have a duplicate card, just drop one 
branch  0 never executed
branch  1 never executed
    #####: 1092:			state->playedCards[state->playedCardCount] = tributeRevealedCards[1];
    #####: 1093:			state->playedCardCount++;
    #####: 1094:			tributeRevealedCards[1] = -1;
        -: 1095:		}
        -: 1096:
    #####: 1097:		for (i = 0; i <= 2; i++) {
branch  0 never executed
branch  1 never executed
    #####: 1098:			if (tributeRevealedCards[i] == copper || tributeRevealedCards[i] == silver || tributeRevealedCards[i] == gold) {//Treasure cards
branch  0 never executed
branch  1 never executed
branch  2 never executed
branch  3 never executed
branch  4 never executed
branch  5 never executed
    #####: 1099:				state->coins += 2;
        -: 1100:			}
        -: 1101:
    #####: 1102:			else if (tributeRevealedCards[i] == estate || tributeRevealedCards[i] == duchy || tributeRevealedCards[i] == province || tributeRevealedCards[i] == gardens || tributeRevealedCards[i] == great_hall) {//Victory Card Found
branch  0 never executed
branch  1 never executed
branch  2 never executed
branch  3 never executed
branch  4 never executed
branch  5 never executed
branch  6 never executed
branch  7 never executed
branch  8 never executed
branch  9 never executed
    #####: 1103:				drawCard(currentPlayer, state);
call    0 never executed
    #####: 1104:				drawCard(currentPlayer, state);
call    0 never executed
        -: 1105:			}
        -: 1106:			else {//Action Card
    #####: 1107:				state->numActions = state->numActions + 2;
        -: 1108:			}
        -: 1109:		}
        -: 1110:
    #####: 1111:		return 0;
        -: 1112:
        -: 1113:	case ambassador:
    #####: 1114:		j = 0;		//used to check if player has enough cards to discard
        -: 1115:
    #####: 1116:		if (choice2 > 2 || choice2 < 0)
branch  0 never executed
branch  1 never executed
branch  2 never executed
branch  3 never executed
        -: 1117:		{
    #####: 1118:			return -1;
        -: 1119:		}
        -: 1120:
    #####: 1121:		if (choice1 == handPos)
branch  0 never executed
branch  1 never executed
        -: 1122:		{
    #####: 1123:			return -1;
        -: 1124:		}
        -: 1125:
    #####: 1126:		for (i = 0; i < state->handCount[currentPlayer]; i++)
branch  0 never executed
branch  1 never executed
        -: 1127:		{
    #####: 1128:			if (i != handPos && i == state->hand[currentPlayer][choice1] && i != choice1)
branch  0 never executed
branch  1 never executed
branch  2 never executed
branch  3 never executed
branch  4 never executed
branch  5 never executed
        -: 1129:			{
    #####: 1130:				j++;
        -: 1131:			}
        -: 1132:		}
    #####: 1133:		if (j < choice2)
branch  0 never executed
branch  1 never executed
        -: 1134:		{
    #####: 1135:			return -1;
        -: 1136:		}
        -: 1137:
        -: 1138:		if (DEBUG)
        -: 1139:			printf("Player %d reveals card number: %d\n", currentPlayer, state->hand[currentPlayer][choice1]);
        -: 1140:
        -: 1141:		//increase supply count for choosen card by amount being discarded
    #####: 1142:		state->supplyCount[state->hand[currentPlayer][choice1]] += choice2;
        -: 1143:
        -: 1144:		//each other player gains a copy of revealed card
    #####: 1145:		for (i = 0; i < state->numPlayers; i++)
branch  0 never executed
branch  1 never executed
        -: 1146:		{
    #####: 1147:			if (i != currentPlayer)
branch  0 never executed
branch  1 never executed
        -: 1148:			{
    #####: 1149:				gainCard(state->hand[currentPlayer][choice1], state, 0, i);
call    0 never executed
        -: 1150:			}
        -: 1151:		}
        -: 1152:
        -: 1153:		//discard played card from hand
    #####: 1154:		discardCard(handPos, currentPlayer, state, 0);
call    0 never executed
        -: 1155:
        -: 1156:		//trash copies of cards returned to supply
    #####: 1157:		for (j = 0; j < choice2; j++)
branch  0 never executed
branch  1 never executed
        -: 1158:		{
    #####: 1159:			for (i = 0; i < state->handCount[currentPlayer]; i++)
branch  0 never executed
branch  1 never executed
        -: 1160:			{
    #####: 1161:				if (state->hand[currentPlayer][i] == state->hand[currentPlayer][choice1])
branch  0 never executed
branch  1 never executed
        -: 1162:				{
    #####: 1163:					discardCard(i, currentPlayer, state, 1);
call    0 never executed
    #####: 1164:					break;
        -: 1165:				}
        -: 1166:			}
        -: 1167:		}
        -: 1168:
    #####: 1169:		return 0;
        -: 1170:
        -: 1171:	case cutpurse:
        -: 1172:
    #####: 1173:		updateCoins(currentPlayer, state, 2);
call    0 never executed
    #####: 1174:		for (i = 0; i < state->numPlayers; i++)
branch  0 never executed
branch  1 never executed
        -: 1175:		{
    #####: 1176:			if (i != currentPlayer)
branch  0 never executed
branch  1 never executed
        -: 1177:			{
    #####: 1178:				for (j = 0; j < state->handCount[i]; j++)
branch  0 never executed
branch  1 never executed
        -: 1179:				{
    #####: 1180:					if (state->hand[i][j] == copper)
branch  0 never executed
branch  1 never executed
        -: 1181:					{
    #####: 1182:						discardCard(j, i, state, 0);
call    0 never executed
    #####: 1183:						break;
        -: 1184:					}
    #####: 1185:					if (j == state->handCount[i])
branch  0 never executed
branch  1 never executed
        -: 1186:					{
    #####: 1187:						for (k = 0; k < state->handCount[i]; k++)
branch  0 never executed
branch  1 never executed
        -: 1188:						{
        -: 1189:							if (DEBUG)
        -: 1190:								printf("Player %d reveals card number %d\n", i, state->hand[i][k]);
        -: 1191:						}
    #####: 1192:						break;
        -: 1193:					}
        -: 1194:				}
        -: 1195:
        -: 1196:			}
        -: 1197:
        -: 1198:		}
        -: 1199:
        -: 1200:		//discard played card from hand
    #####: 1201:		discardCard(handPos, currentPlayer, state, 0);
call    0 never executed
        -: 1202:
    #####: 1203:		return 0;
        -: 1204:
        -: 1205:
        -: 1206:	case embargo:
        -: 1207:
    #####: 1208:		embargoCardEffect(state, choice1, handPos, currentPlayer);
call    0 never executed
        -: 1209:
        -: 1210:	case outpost:
        -: 1211:		//set outpost flag
    #####: 1212:		state->outpostPlayed++;
        -: 1213:
        -: 1214:		//discard card
    #####: 1215:		discardCard(handPos, currentPlayer, state, 0);
call    0 never executed
    #####: 1216:		return 0;
        -: 1217:
        -: 1218:	case salvager:
        -: 1219:		//+1 buy
    #####: 1220:		state->numBuys++;
        -: 1221:
    #####: 1222:		if (choice1)
branch  0 never executed
branch  1 never executed
        -: 1223:		{
        -: 1224:			//gain coins equal to trashed card
    #####: 1225:			state->coins = state->coins + getCost(handCard(choice1, state));
call    0 never executed
call    1 never executed
        -: 1226:			//trash card
    #####: 1227:			discardCard(choice1, currentPlayer, state, 1);
call    0 never executed
        -: 1228:		}
        -: 1229:
        -: 1230:		//discard card
    #####: 1231:		discardCard(handPos, currentPlayer, state, 0);
call    0 never executed
    #####: 1232:		return 0;
        -: 1233:
        -: 1234:	case sea_hag:
        7: 1235:		for (i = 0; i < state->numPlayers; i++) {
branch  0 taken 71%
branch  1 taken 29% (fallthrough)
        5: 1236:			if (i != currentPlayer) {
branch  0 taken 60% (fallthrough)
branch  1 taken 40%
        3: 1237:				state->discard[i][state->discardCount[i]] = state->deck[i][state->deckCount[i]--];			    state->deckCount[i]--;
        3: 1238:				state->discardCount[i]++;
        3: 1239:				state->deck[i][state->deckCount[i]--] = curse;//Top card now a curse
        -: 1240:			}
        -: 1241:		}
        2: 1242:		return 0;
        -: 1243:
        -: 1244:	case treasure_map:
        -: 1245:		//search hand for another treasure_map
    #####: 1246:		index = -1;
    #####: 1247:		for (i = 0; i < state->handCount[currentPlayer]; i++)
branch  0 never executed
branch  1 never executed
        -: 1248:		{
    #####: 1249:			if (state->hand[currentPlayer][i] == treasure_map && i != handPos)
branch  0 never executed
branch  1 never executed
branch  2 never executed
branch  3 never executed
        -: 1250:			{
    #####: 1251:				index = i;
    #####: 1252:				break;
        -: 1253:			}
        -: 1254:		}
    #####: 1255:		if (index > -1)
branch  0 never executed
branch  1 never executed
        -: 1256:		{
        -: 1257:			//trash both treasure cards
    #####: 1258:			discardCard(handPos, currentPlayer, state, 1);
call    0 never executed
    #####: 1259:			discardCard(index, currentPlayer, state, 1);
call    0 never executed
        -: 1260:
        -: 1261:			//gain 4 Gold cards
    #####: 1262:			for (i = 0; i < 4; i++)
branch  0 never executed
branch  1 never executed
        -: 1263:			{
    #####: 1264:				gainCard(gold, state, 1, currentPlayer);
call    0 never executed
        -: 1265:			}
        -: 1266:
        -: 1267:			//return success
    #####: 1268:			return 1;
        -: 1269:		}
        -: 1270:
        -: 1271:		//no second treasure_map found in hand
    #####: 1272:		return -1;
        -: 1273:	}
        -: 1274:
    #####: 1275:	return -1;
        -: 1276:}
        -: 1277:
function discardCard called 6 returned 100% blocks executed 78%
        6: 1278:int discardCard(int handPos, int currentPlayer, struct gameState *state, int trashFlag)
        -: 1279:{
        -: 1280:
        -: 1281:	//if card is not trashed, added to Played pile 
        6: 1282:	if (trashFlag < 1)
branch  0 taken 100% (fallthrough)
branch  1 taken 0%
        -: 1283:	{
        -: 1284:		//add card to played pile
        6: 1285:		state->playedCards[state->playedCardCount] = state->hand[currentPlayer][handPos];
        6: 1286:		state->playedCardCount++;
        -: 1287:	}
        -: 1288:
        -: 1289:	//set played card to -1
        6: 1290:	state->hand[currentPlayer][handPos] = -1;
        -: 1291:
        -: 1292:	//remove card from player's hand
        6: 1293:	if (handPos == (state->handCount[currentPlayer] - 1)) 	//last card in hand array is played
branch  0 taken 0% (fallthrough)
branch  1 taken 100%
        -: 1294:	{
        -: 1295:		//reduce number of cards in hand
    #####: 1296:		state->handCount[currentPlayer]--;
        -: 1297:	}
        6: 1298:	else if (state->handCount[currentPlayer] == 1) //only one card in hand
branch  0 taken 0% (fallthrough)
branch  1 taken 100%
        -: 1299:	{
        -: 1300:		//reduce number of cards in hand
    #####: 1301:		state->handCount[currentPlayer]--;
        -: 1302:	}
        -: 1303:	else
        -: 1304:	{
        -: 1305:		//replace discarded card with last card in hand
        6: 1306:		state->hand[currentPlayer][handPos] = state->hand[currentPlayer][(state->handCount[currentPlayer] - 1)];
        -: 1307:		//set last card to -1
        6: 1308:		state->hand[currentPlayer][state->handCount[currentPlayer] - 1] = -1;
        -: 1309:		//reduce number of cards in hand
        6: 1310:		state->handCount[currentPlayer]--;
        -: 1311:	}
        -: 1312:
        6: 1313:	return 0;
        -: 1314:}
        -: 1315:
function gainCard called 2 returned 100% blocks executed 70%
        2: 1316:int gainCard(int supplyPos, struct gameState *state, int toFlag, int player)
        -: 1317:{
        -: 1318:	//Note: supplyPos is enum of choosen card
        -: 1319:
        -: 1320:	//check if supply pile is empty (0) or card is not used in game (-1)
        2: 1321:	if (supplyCount(supplyPos, state) < 1)
call    0 returned 100%
branch  1 taken 0% (fallthrough)
branch  2 taken 100%
        -: 1322:	{
    #####: 1323:		return -1;
        -: 1324:	}
        -: 1325:
        -: 1326:	//added card for [whoseTurn] current player:
        -: 1327:	// toFlag = 0 : add to discard
        -: 1328:	// toFlag = 1 : add to deck
        -: 1329:	// toFlag = 2 : add to hand
        -: 1330:
        2: 1331:	if (toFlag == 1)
branch  0 taken 0% (fallthrough)
branch  1 taken 100%
        -: 1332:	{
    #####: 1333:		state->deck[player][state->deckCount[player]] = supplyPos;
    #####: 1334:		state->deckCount[player]++;
        -: 1335:	}
        2: 1336:	else if (toFlag == 2)
branch  0 taken 0% (fallthrough)
branch  1 taken 100%
        -: 1337:	{
    #####: 1338:		state->hand[player][state->handCount[player]] = supplyPos;
    #####: 1339:		state->handCount[player]++;
        -: 1340:	}
        -: 1341:	else
        -: 1342:	{
        2: 1343:		state->discard[player][state->discardCount[player]] = supplyPos;
        2: 1344:		state->discardCount[player]++;
        -: 1345:	}
        -: 1346:
        -: 1347:	//decrease number in supply pile
        2: 1348:	state->supplyCount[supplyPos]--;
        -: 1349:
        2: 1350:	return 0;
        -: 1351:}
        -: 1352:
function updateCoins called 8 returned 100% blocks executed 82%
        8: 1353:int updateCoins(int player, struct gameState *state, int bonus)
        -: 1354:{
        -: 1355:	int i;
        -: 1356:
        -: 1357:	//reset coin count
        8: 1358:	state->coins = 0;
        -: 1359:
        -: 1360:	//add coins for each Treasure card in player's hand
       48: 1361:	for (i = 0; i < state->handCount[player]; i++)
branch  0 taken 83%
branch  1 taken 17% (fallthrough)
        -: 1362:	{
       40: 1363:		if (state->hand[player][i] == copper)
branch  0 taken 75% (fallthrough)
branch  1 taken 25%
        -: 1364:		{
       30: 1365:			state->coins += 1;
        -: 1366:		}
       10: 1367:		else if (state->hand[player][i] == silver)
branch  0 taken 0% (fallthrough)
branch  1 taken 100%
        -: 1368:		{
    #####: 1369:			state->coins += 2;
        -: 1370:		}
       10: 1371:		else if (state->hand[player][i] == gold)
branch  0 taken 0% (fallthrough)
branch  1 taken 100%
        -: 1372:		{
    #####: 1373:			state->coins += 3;
        -: 1374:		}
        -: 1375:	}
        -: 1376:
        -: 1377:	//add bonus
        8: 1378:	state->coins += bonus;
        -: 1379:
        8: 1380:	return 0;
        -: 1381:}
        -: 1382:
